<?xml version="1.0" encoding="UTF-8"?>
<testsuite xmlns:xsi="http://www.w3.org/2001/XMLSchema-instance" xsi:noNamespaceSchemaLocation="https://maven.apache.org/surefire/maven-surefire-plugin/xsd/surefire-test-report.xsd" version="3.0.2" name="dev.csgogc.mm.BackendIntegrationTest" time="0.94" tests="15" errors="0" skipped="0" failures="0" flakes="0">
  <properties>
[...]
</properties>
  <testcase name="adminWritesNeedCsrfToken" classname="dev.csgogc.mm.BackendIntegrationTest" time="0.007">
    <system-out><![CDATA[2026-09-20T12:47:29.956+04:00  INFO 3832 --- [matchmaking-backend] [           main] .b.t.c.SpringBootTestContextBootstrapper : Found @SpringBootConfiguration dev.csgogc.mm.MatchmakingBackendApplication for test class dev.csgogc.mm.BackendIntegrationTest

  .   ____          _            __ _ _
 /\\ / ___'_ __ _ _(_)_ __  __ _ \ \ \ \
( ( )\___ | '_ | '_| | '_ \/ _` | \ \ \ \
 \\/  ___)| |_)| | | | | || (_| |  ) ) ) )
  '  |____| .__|_| |_|_| |_\__, | / / / /
 =========|_|==============|___/=/_/_/_/

 :: Spring Boot ::               (v3.5.16)

2026-09-20T12:47:29.980+04:00  INFO 3832 --- [matchmaking-backend] [           main] dev.csgogc.mm.BackendIntegrationTest     : Starting BackendIntegrationTest using Java 21.0.12.1 with PID 3832 (started by Administrator in D:\csgo2021_gc\java-backend)
2026-09-20T12:47:29.980+04:00  INFO 3832 --- [matchmaking-backend] [           main] dev.csgogc.mm.BackendIntegrationTest     : No active profile set, falling back to 1 default profile: "default"
2026-09-20T12:47:30.147+04:00  INFO 3832 --- [matchmaking-backend] [           main] dev.csgogc.mm.config.DatabaseConfig      : SQLite database: C:\Users\ADMINI~1\AppData\Local\Temp\mm-backend-test5597539852723210026\test.db
2026-09-20T12:47:30.147+04:00  INFO 3832 --- [matchmaking-backend] [           main] com.zaxxer.hikari.HikariDataSource       : sqlite - Starting...
2026-09-20T12:47:30.154+04:00  INFO 3832 --- [matchmaking-backend] [           main] com.zaxxer.hikari.pool.HikariPool        : sqlite - Added connection org.sqlite.jdbc4.JDBC4Connection@8d52313
2026-09-20T12:47:30.154+04:00  INFO 3832 --- [matchmaking-backend] [           main] com.zaxxer.hikari.HikariDataSource       : sqlite - Start completed.
2026-09-20T12:47:30.165+04:00  INFO 3832 --- [matchmaking-backend] [           main] dev.csgogc.mm.config.SchemaInitializer   : database migrated: game_server.state added
2026-09-20T12:47:30.167+04:00  INFO 3832 --- [matchmaking-backend] [           main] dev.csgogc.mm.config.SchemaInitializer   : database migrated: game_server.reserved_match_id added
2026-09-20T12:47:30.168+04:00  INFO 3832 --- [matchmaking-backend] [           main] dev.csgogc.mm.config.SchemaInitializer   : database migrated: game_server.reserved_at added
2026-09-20T12:47:30.169+04:00  INFO 3832 --- [matchmaking-backend] [           main] dev.csgogc.mm.config.SchemaInitializer   : database migrated: game_server.last_assigned_at added
2026-09-20T12:47:30.170+04:00  INFO 3832 --- [matchmaking-backend] [           main] dev.csgogc.mm.config.SchemaInitializer   : database migrated: game_server.last_heartbeat_at added
2026-09-20T12:47:30.170+04:00  INFO 3832 --- [matchmaking-backend] [           main] dev.csgogc.mm.config.SchemaInitializer   : database migrated: game_server.max_players added
2026-09-20T12:47:30.171+04:00  INFO 3832 --- [matchmaking-backend] [           main] dev.csgogc.mm.config.SchemaInitializer   : database migrated: matchmaking_search.match_id added
2026-09-20T12:47:30.172+04:00  INFO 3832 --- [matchmaking-backend] [           main] dev.csgogc.mm.config.SchemaInitializer   : database migrated: matchmaking_search.matched_at added
2026-09-20T12:47:30.173+04:00  INFO 3832 --- [matchmaking-backend] [           main] dev.csgogc.mm.config.SchemaInitializer   : database migrated: matchmaking_search.variants added
2026-09-20T12:47:30.174+04:00  INFO 3832 --- [matchmaking-backend] [           main] dev.csgogc.mm.config.SchemaInitializer   : database migrated: matchmaking_search.accepted_at added
2026-09-20T12:47:30.175+04:00  INFO 3832 --- [matchmaking-backend] [           main] dev.csgogc.mm.config.SchemaInitializer   : database migrated: matchmaking_match.accept_deadline_at added
2026-09-20T12:47:30.176+04:00  INFO 3832 --- [matchmaking-backend] [           main] dev.csgogc.mm.config.SchemaInitializer   : database migrated: matchmaking_match.accepted_at added
2026-09-20T12:47:30.177+04:00  INFO 3832 --- [matchmaking-backend] [           main] dev.csgogc.mm.config.SchemaInitializer   : database migrated: game_server.available_after added
2026-09-20T12:47:30.188+04:00  WARN 3832 --- [matchmaking-backend] [           main] dev.csgogc.mm.config.StartupValidator    : backend.required-players.competitive=1 (retail: 10): matches of this category start with 1 real player(s)
2026-09-20T12:47:30.188+04:00  WARN 3832 --- [matchmaking-backend] [           main] dev.csgogc.mm.config.StartupValidator    : backend.required-players.wingman=1 (retail: 4): matches of this category start with 1 real player(s)
2026-09-20T12:47:30.188+04:00  WARN 3832 --- [matchmaking-backend] [           main] dev.csgogc.mm.config.StartupValidator    : backend.required-players.dangerzone=1 (retail: 16): matches of this category start with 1 real player(s)
2026-09-20T12:47:30.188+04:00  WARN 3832 --- [matchmaking-backend] [           main] dev.csgogc.mm.config.StartupValidator    : HTTP is bound to 192.168.1.150 (not loopback) and served without TLS: admin credentials travel in clear text
2026-09-20T12:47:30.295+04:00  INFO 3832 --- [matchmaking-backend] [           main] r$InitializeUserDetailsManagerConfigurer : Global AuthenticationManager configured with UserDetailsService bean with name adminUser
2026-09-20T12:47:30.343+04:00  INFO 3832 --- [matchmaking-backend] [           main] o.s.b.t.m.w.SpringBootMockServletContext : Initializing Spring TestDispatcherServlet ''
2026-09-20T12:47:30.343+04:00  INFO 3832 --- [matchmaking-backend] [           main] o.s.t.web.servlet.TestDispatcherServlet  : Initializing Servlet ''
2026-09-20T12:47:30.343+04:00  INFO 3832 --- [matchmaking-backend] [           main] o.s.t.web.servlet.TestDispatcherServlet  : Completed initialization in 0 ms
2026-09-20T12:47:30.348+04:00  INFO 3832 --- [matchmaking-backend] [           main] dev.csgogc.mm.BackendIntegrationTest     : Started BackendIntegrationTest in 0.388 seconds (process running for 6.634)
]]></system-out>
  </testcase>
  <testcase name="gcEndpointsNeedTheApiKey" classname="dev.csgogc.mm.BackendIntegrationTest" time="0.028">
    <system-out><![CDATA[2026-09-20T12:47:30.376+04:00  INFO 3832 --- [matchmaking-backend] [           main] dev.csgogc.mm.search.SearchService       : search started: account=1050166997 mode=competitive maps=[] game_type=520 source=gc
]]></system-out>
  </testcase>
  <testcase name="repeatedSearchDoesNotDuplicate" classname="dev.csgogc.mm.BackendIntegrationTest" time="0.051">
    <system-out><![CDATA[2026-09-20T12:47:30.391+04:00  INFO 3832 --- [matchmaking-backend] [           main] dev.csgogc.mm.search.SearchService       : search started: account=7 mode=competitive maps=[de_dust2] game_type=520 source=gc
2026-09-20T12:47:30.425+04:00  INFO 3832 --- [matchmaking-backend] [           main] dev.csgogc.mm.search.SearchService       : search replaced: account=7 competitive -> wingman maps=[de_lake]
2026-09-20T12:47:30.428+04:00  INFO 3832 --- [matchmaking-backend] [           main] dev.csgogc.mm.search.SearchService       : search replaced: account=7 wingman -> wingman maps=[de_lake]
]]></system-out>
  </testcase>
  <testcase name="loginWithCredentialsGivesAccessAndWrongPasswordDoesNot" classname="dev.csgogc.mm.BackendIntegrationTest" time="0.199">
    <system-out><![CDATA[2026-09-20T12:47:30.559+04:00  WARN 3832 --- [matchmaking-backend] [           main] dev.csgogc.mm.config.SecurityConfig      : failed admin login from 127.0.0.1
]]></system-out>
  </testcase>
  <testcase name="adminPagesAndApisRequireLogin" classname="dev.csgogc.mm.BackendIntegrationTest" time="0.023"/>
  <testcase name="searchIsStoredAndListed" classname="dev.csgogc.mm.BackendIntegrationTest" time="0.016">
    <system-out><![CDATA[2026-09-20T12:47:30.668+04:00  INFO 3832 --- [matchmaking-backend] [           main] dev.csgogc.mm.search.SearchService       : search started: account=1050166997 mode=competitive maps=[de_dust2] game_type=520 source=gc
]]></system-out>
  </testcase>
  <testcase name="wrongMethodAndUnknownPathKeepTheirStatus" classname="dev.csgogc.mm.BackendIntegrationTest" time="0.012"/>
  <testcase name="minimalBodyIsEnoughAndModeIsDerived" classname="dev.csgogc.mm.BackendIntegrationTest" time="0.013">
    <system-out><![CDATA[2026-09-20T12:47:30.698+04:00  INFO 3832 --- [matchmaking-backend] [           main] dev.csgogc.mm.search.SearchService       : search started: account=42 mode=casual maps=[] game_type=519 source=gc
]]></system-out>
  </testcase>
  <testcase name="staleSearchesExpire" classname="dev.csgogc.mm.BackendIntegrationTest" time="0.041">
    <system-out><![CDATA[2026-09-20T12:47:30.715+04:00  INFO 3832 --- [matchmaking-backend] [           main] dev.csgogc.mm.search.SearchService       : search started: account=11 mode=competitive maps=[] game_type=520 source=gc
2026-09-20T12:47:30.720+04:00  INFO 3832 --- [matchmaking-backend] [           main] dev.csgogc.mm.search.SearchService       : search started: account=12 mode=casual maps=[] game_type=519 source=gc
2026-09-20T12:47:30.729+04:00  INFO 3832 --- [matchmaking-backend] [           main] dev.csgogc.mm.search.SearchService       : search of account 11 expired after PT5M
2026-09-20T12:47:30.739+04:00  INFO 3832 --- [matchmaking-backend] [           main] dev.csgogc.mm.search.SearchService       : search of account 12 expired after PT5M
]]></system-out>
  </testcase>
  <testcase name="adminCanAddAndEndATestSearch" classname="dev.csgogc.mm.BackendIntegrationTest" time="0.023">
    <system-out><![CDATA[2026-09-20T12:47:30.756+04:00  INFO 3832 --- [matchmaking-backend] [           main] dev.csgogc.mm.search.SearchService       : search started: account=123 mode=wingman maps=[de_lake] game_type=10 source=admin
2026-09-20T12:47:30.761+04:00  INFO 3832 --- [matchmaking-backend] [           main] dev.csgogc.mm.search.SearchService       : search removed by admin: id=7 account=123
]]></system-out>
  </testcase>
  <testcase name="gameServerCrud" classname="dev.csgogc.mm.BackendIntegrationTest" time="0.052">
    <system-out><![CDATA[2026-09-20T12:47:30.783+04:00  INFO 3832 --- [matchmaking-backend] [           main] dev.csgogc.mm.server.GameServerService   : game server added: 192.168.1.150:27016 competitive map='de_dust2' enabled=true state=AVAILABLE
2026-09-20T12:47:30.805+04:00  INFO 3832 --- [matchmaking-backend] [           main] dev.csgogc.mm.server.GameServerService   : game server 1 updated: srcds.example.com:27017 wingman map='de_lake' enabled=false
2026-09-20T12:47:30.811+04:00  INFO 3832 --- [matchmaking-backend] [           main] dev.csgogc.mm.server.GameServerService   : game server 1 enabled
2026-09-20T12:47:30.816+04:00  INFO 3832 --- [matchmaking-backend] [           main] dev.csgogc.mm.server.GameServerService   : game server 1 deleted
]]></system-out>
  </testcase>
  <testcase name="categoriesAreTheMvpSet" classname="dev.csgogc.mm.BackendIntegrationTest" time="0.017"/>
  <testcase name="cancelEndsTheSearch" classname="dev.csgogc.mm.BackendIntegrationTest" time="0.024">
    <system-out><![CDATA[2026-09-20T12:47:30.845+04:00  INFO 3832 --- [matchmaking-backend] [           main] dev.csgogc.mm.search.SearchService       : search started: account=9 mode=competitive maps=[] game_type=520 source=gc
2026-09-20T12:47:30.854+04:00  INFO 3832 --- [matchmaking-backend] [           main] dev.csgogc.mm.search.SearchService       : search cancelled: account=9
2026-09-20T12:47:30.862+04:00  INFO 3832 --- [matchmaking-backend] [           main] dev.csgogc.mm.search.SearchService       : search started: account=9 mode=competitive maps=[] game_type=520 source=gc
]]></system-out>
  </testcase>
  <testcase name="invalidSearchRequestsAreRejected" classname="dev.csgogc.mm.BackendIntegrationTest" time="0.02"/>
  <testcase name="healthIsPublic" classname="dev.csgogc.mm.BackendIntegrationTest" time="0.005"/>
</testsuite>