<?xml version="1.0" encoding="UTF-8"?>
<testsuite xmlns:xsi="http://www.w3.org/2001/XMLSchema-instance" xsi:noNamespaceSchemaLocation="https://maven.apache.org/surefire/maven-surefire-plugin/xsd/surefire-test-report.xsd" version="3.0.2" name="dev.csgogc.mm.MapGroupMatchingTest" time="0.662" tests="12" errors="0" skipped="0" failures="0" flakes="0">
  <properties>
[...]
</properties>
  <testcase name="theOtherSkirmishModesAreServedByTheSkirmishCategory" classname="dev.csgogc.mm.MapGroupMatchingTest" time="0.049">
    <system-out><![CDATA[2026-09-20T12:47:32.461+04:00  INFO 3832 --- [matchmaking-backend] [           main] t.c.s.AnnotationConfigContextLoaderUtils : Could not detect default configuration classes for test class [dev.csgogc.mm.MapGroupMatchingTest]: MapGroupMatchingTest does not declare any static, non-private, non-final, nested classes annotated with @Configuration.
2026-09-20T12:47:32.462+04:00  INFO 3832 --- [matchmaking-backend] [           main] .b.t.c.SpringBootTestContextBootstrapper : Found @SpringBootConfiguration dev.csgogc.mm.MatchmakingBackendApplication for test class dev.csgogc.mm.MapGroupMatchingTest

  .   ____          _            __ _ _
 /\\ / ___'_ __ _ _(_)_ __  __ _ \ \ \ \
( ( )\___ | '_ | '_| | '_ \/ _` | \ \ \ \
 \\/  ___)| |_)| | | | | || (_| |  ) ) ) )
  '  |____| .__|_| |_|_| |_\__, | / / / /
 =========|_|==============|___/=/_/_/_/

 :: Spring Boot ::               (v3.5.16)

2026-09-20T12:47:32.480+04:00  INFO 3832 --- [matchmaking-backend] [           main] dev.csgogc.mm.MapGroupMatchingTest       : Starting MapGroupMatchingTest using Java 21.0.12.1 with PID 3832 (started by Administrator in D:\csgo2021_gc\java-backend)
2026-09-20T12:47:32.480+04:00  INFO 3832 --- [matchmaking-backend] [           main] dev.csgogc.mm.MapGroupMatchingTest       : No active profile set, falling back to 1 default profile: "default"
2026-09-20T12:47:32.620+04:00  INFO 3832 --- [matchmaking-backend] [           main] dev.csgogc.mm.config.DatabaseConfig      : SQLite database: C:\Users\ADMINI~1\AppData\Local\Temp\mm-backend-mapgroup-test15137600874177656396\mm.db
2026-09-20T12:47:32.620+04:00  INFO 3832 --- [matchmaking-backend] [           main] com.zaxxer.hikari.HikariDataSource       : sqlite - Starting...
2026-09-20T12:47:32.627+04:00  INFO 3832 --- [matchmaking-backend] [           main] com.zaxxer.hikari.pool.HikariPool        : sqlite - Added connection org.sqlite.jdbc4.JDBC4Connection@67629872
2026-09-20T12:47:32.627+04:00  INFO 3832 --- [matchmaking-backend] [           main] com.zaxxer.hikari.HikariDataSource       : sqlite - Start completed.
2026-09-20T12:47:32.638+04:00  INFO 3832 --- [matchmaking-backend] [           main] dev.csgogc.mm.config.SchemaInitializer   : database migrated: game_server.state added
2026-09-20T12:47:32.639+04:00  INFO 3832 --- [matchmaking-backend] [           main] dev.csgogc.mm.config.SchemaInitializer   : database migrated: game_server.reserved_match_id added
2026-09-20T12:47:32.640+04:00  INFO 3832 --- [matchmaking-backend] [           main] dev.csgogc.mm.config.SchemaInitializer   : database migrated: game_server.reserved_at added
2026-09-20T12:47:32.641+04:00  INFO 3832 --- [matchmaking-backend] [           main] dev.csgogc.mm.config.SchemaInitializer   : database migrated: game_server.last_assigned_at added
2026-09-20T12:47:32.642+04:00  INFO 3832 --- [matchmaking-backend] [           main] dev.csgogc.mm.config.SchemaInitializer   : database migrated: game_server.last_heartbeat_at added
2026-09-20T12:47:32.643+04:00  INFO 3832 --- [matchmaking-backend] [           main] dev.csgogc.mm.config.SchemaInitializer   : database migrated: game_server.max_players added
2026-09-20T12:47:32.644+04:00  INFO 3832 --- [matchmaking-backend] [           main] dev.csgogc.mm.config.SchemaInitializer   : database migrated: matchmaking_search.match_id added
2026-09-20T12:47:32.645+04:00  INFO 3832 --- [matchmaking-backend] [           main] dev.csgogc.mm.config.SchemaInitializer   : database migrated: matchmaking_search.matched_at added
2026-09-20T12:47:32.646+04:00  INFO 3832 --- [matchmaking-backend] [           main] dev.csgogc.mm.config.SchemaInitializer   : database migrated: matchmaking_search.variants added
2026-09-20T12:47:32.646+04:00  INFO 3832 --- [matchmaking-backend] [           main] dev.csgogc.mm.config.SchemaInitializer   : database migrated: matchmaking_search.accepted_at added
2026-09-20T12:47:32.647+04:00  INFO 3832 --- [matchmaking-backend] [           main] dev.csgogc.mm.config.SchemaInitializer   : database migrated: matchmaking_match.accept_deadline_at added
2026-09-20T12:47:32.648+04:00  INFO 3832 --- [matchmaking-backend] [           main] dev.csgogc.mm.config.SchemaInitializer   : database migrated: matchmaking_match.accepted_at added
2026-09-20T12:47:32.649+04:00  INFO 3832 --- [matchmaking-backend] [           main] dev.csgogc.mm.config.SchemaInitializer   : database migrated: game_server.available_after added
2026-09-20T12:47:32.657+04:00  WARN 3832 --- [matchmaking-backend] [           main] dev.csgogc.mm.config.StartupValidator    : backend.required-players.competitive=10 (retail: 10): matches of this category start with 10 real player(s)
2026-09-20T12:47:32.657+04:00  WARN 3832 --- [matchmaking-backend] [           main] dev.csgogc.mm.config.StartupValidator    : backend.required-players.wingman=4 (retail: 4): matches of this category start with 4 real player(s)
2026-09-20T12:47:32.657+04:00  WARN 3832 --- [matchmaking-backend] [           main] dev.csgogc.mm.config.StartupValidator    : backend.required-players.dangerzone=16 (retail: 16): matches of this category start with 16 real player(s)
2026-09-20T12:47:32.657+04:00  WARN 3832 --- [matchmaking-backend] [           main] dev.csgogc.mm.config.StartupValidator    : HTTP is bound to 192.168.1.150 (not loopback) and served without TLS: admin credentials travel in clear text
2026-09-20T12:47:32.755+04:00  INFO 3832 --- [matchmaking-backend] [           main] r$InitializeUserDetailsManagerConfigurer : Global AuthenticationManager configured with UserDetailsService bean with name adminUser
2026-09-20T12:47:32.793+04:00  INFO 3832 --- [matchmaking-backend] [           main] o.s.b.t.m.w.SpringBootMockServletContext : Initializing Spring TestDispatcherServlet ''
2026-09-20T12:47:32.793+04:00  INFO 3832 --- [matchmaking-backend] [           main] o.s.t.web.servlet.TestDispatcherServlet  : Initializing Servlet ''
2026-09-20T12:47:32.793+04:00  INFO 3832 --- [matchmaking-backend] [           main] o.s.t.web.servlet.TestDispatcherServlet  : Completed initialization in 0 ms
2026-09-20T12:47:32.801+04:00  INFO 3832 --- [matchmaking-backend] [           main] dev.csgogc.mm.MapGroupMatchingTest       : Started MapGroupMatchingTest in 0.336 seconds (process running for 9.088)
2026-09-20T12:47:32.818+04:00  INFO 3832 --- [matchmaking-backend] [           main] dev.csgogc.mm.server.GameServerService   : game server added: 10.0.0.5:27001 armsrace map='de_dust2' enabled=true state=AVAILABLE
2026-09-20T12:47:32.822+04:00  INFO 3832 --- [matchmaking-backend] [           main] dev.csgogc.mm.server.GameServerService   : game server added: 10.0.0.5:27002 skirmish map='de_lake' enabled=true state=AVAILABLE
2026-09-20T12:47:32.834+04:00  INFO 3832 --- [matchmaking-backend] [           main] dev.csgogc.mm.search.SearchService       : search started: account=1 mode=skirmish maps=[] variants=[SearchVariant[name=retakes, category=skirmish, maps=[de_inferno, de_mirage, de_dust2, de_nuke, de_overpass, de_train, de_vertigo, de_ancient]]] game_type=524300 source=gc
2026-09-20T12:47:32.840+04:00  INFO 3832 --- [matchmaking-backend] [           main] dev.csgogc.mm.server.GameServerService   : game server added: 10.0.0.5:27003 skirmish map='de_dust2' enabled=true state=AVAILABLE
2026-09-20T12:47:32.842+04:00  INFO 3832 --- [matchmaking-backend] [           main] dev.csgogc.mm.search.SearchService       : match m-8de0cf9c created: skirmish on 10.0.0.5:27003 map=de_dust2 needs 1 player(s), server 3 is assigned (classic mode: no reservation)
2026-09-20T12:47:32.846+04:00  INFO 3832 --- [matchmaking-backend] [           main] dev.csgogc.mm.search.SearchService       : match m-8de0cf9c complete (1/1): READY_TO_CONNECT -> 10.0.0.5:27003 map=de_dust2
]]></system-out>
  </testcase>
  <testcase name="aSearchWithSeveralGroupsAcceptsAServerOnAnyOfTheirMaps" classname="dev.csgogc.mm.MapGroupMatchingTest" time="0.021">
    <system-out><![CDATA[2026-09-20T12:47:32.860+04:00  INFO 3832 --- [matchmaking-backend] [           main] dev.csgogc.mm.server.GameServerService   : game server added: 10.0.0.5:27001 casual map='de_nuke' enabled=true state=AVAILABLE
2026-09-20T12:47:32.863+04:00  INFO 3832 --- [matchmaking-backend] [           main] dev.csgogc.mm.search.SearchService       : search started: account=1 mode=casual maps=[de_basalt, de_ancient, de_vertigo, de_cbble, de_canals, de_mirage, de_inferno, de_overpass, de_nuke, de_train, de_cache] game_type=7 source=gc
2026-09-20T12:47:32.865+04:00  INFO 3832 --- [matchmaking-backend] [           main] dev.csgogc.mm.search.SearchService       : match m-ea7062d6 created: casual on 10.0.0.5:27001 map=de_nuke needs 1 player(s), server 4 is assigned (classic mode: no reservation)
2026-09-20T12:47:32.868+04:00  INFO 3832 --- [matchmaking-backend] [           main] dev.csgogc.mm.search.SearchService       : match m-ea7062d6 complete (1/1): READY_TO_CONNECT -> 10.0.0.5:27001 map=de_nuke
2026-09-20T12:47:32.872+04:00  INFO 3832 --- [matchmaking-backend] [           main] dev.csgogc.mm.search.SearchService       : search started: account=2 mode=casual maps=[de_basalt, de_ancient, de_vertigo, de_cbble, de_canals] game_type=7 source=gc
]]></system-out>
  </testcase>
  <testcase name="everyCasualMapGroupGetsOnlyAServerOnOneOfItsOwnMaps" classname="dev.csgogc.mm.MapGroupMatchingTest" time="0.046">
    <system-out><![CDATA[2026-09-20T12:47:32.881+04:00  INFO 3832 --- [matchmaking-backend] [           main] dev.csgogc.mm.server.GameServerService   : game server added: 10.0.0.5:27001 casual map='de_dust2' enabled=true state=AVAILABLE
2026-09-20T12:47:32.885+04:00  INFO 3832 --- [matchmaking-backend] [           main] dev.csgogc.mm.server.GameServerService   : game server added: 10.0.0.5:27002 casual map='de_inferno' enabled=true state=AVAILABLE
2026-09-20T12:47:32.887+04:00  INFO 3832 --- [matchmaking-backend] [           main] dev.csgogc.mm.server.GameServerService   : game server added: 10.0.0.5:27003 casual map='cs_office' enabled=true state=AVAILABLE
2026-09-20T12:47:32.890+04:00  INFO 3832 --- [matchmaking-backend] [           main] dev.csgogc.mm.server.GameServerService   : game server added: 10.0.0.5:27004 casual map='de_ancient' enabled=true state=AVAILABLE
2026-09-20T12:47:32.892+04:00  INFO 3832 --- [matchmaking-backend] [           main] dev.csgogc.mm.search.SearchService       : search started: account=1 mode=casual maps=[de_basalt, de_ancient, de_vertigo, de_cbble, de_canals] game_type=7 source=gc
2026-09-20T12:47:32.893+04:00  INFO 3832 --- [matchmaking-backend] [           main] dev.csgogc.mm.search.SearchService       : match m-10be7946 created: casual on 10.0.0.5:27004 map=de_ancient needs 1 player(s), server 8 is assigned (classic mode: no reservation)
2026-09-20T12:47:32.896+04:00  INFO 3832 --- [matchmaking-backend] [           main] dev.csgogc.mm.search.SearchService       : match m-10be7946 complete (1/1): READY_TO_CONNECT -> 10.0.0.5:27004 map=de_ancient
2026-09-20T12:47:32.899+04:00  INFO 3832 --- [matchmaking-backend] [           main] dev.csgogc.mm.search.SearchService       : search started: account=2 mode=casual maps=[de_mirage, de_inferno, de_overpass, de_nuke, de_train, de_cache] game_type=7 source=gc
2026-09-20T12:47:32.901+04:00  INFO 3832 --- [matchmaking-backend] [           main] dev.csgogc.mm.search.SearchService       : match m-010b5357 created: casual on 10.0.0.5:27002 map=de_inferno needs 1 player(s), server 6 is assigned (classic mode: no reservation)
2026-09-20T12:47:32.904+04:00  INFO 3832 --- [matchmaking-backend] [           main] dev.csgogc.mm.search.SearchService       : match m-010b5357 complete (1/1): READY_TO_CONNECT -> 10.0.0.5:27002 map=de_inferno
2026-09-20T12:47:32.906+04:00  INFO 3832 --- [matchmaking-backend] [           main] dev.csgogc.mm.search.SearchService       : search started: account=3 mode=casual maps=[cs_insertion2, cs_agency, cs_militia, cs_office, cs_italy, cs_assault] game_type=7 source=gc
2026-09-20T12:47:32.908+04:00  INFO 3832 --- [matchmaking-backend] [           main] dev.csgogc.mm.search.SearchService       : match m-dacbe969 created: casual on 10.0.0.5:27003 map=cs_office needs 1 player(s), server 7 is assigned (classic mode: no reservation)
2026-09-20T12:47:32.912+04:00  INFO 3832 --- [matchmaking-backend] [           main] dev.csgogc.mm.search.SearchService       : match m-dacbe969 complete (1/1): READY_TO_CONNECT -> 10.0.0.5:27003 map=cs_office
2026-09-20T12:47:32.915+04:00  INFO 3832 --- [matchmaking-backend] [           main] dev.csgogc.mm.search.SearchService       : search started: account=4 mode=casual maps=[de_dust2] game_type=7 source=gc
2026-09-20T12:47:32.916+04:00  INFO 3832 --- [matchmaking-backend] [           main] dev.csgogc.mm.search.SearchService       : match m-06177644 created: casual on 10.0.0.5:27001 map=de_dust2 needs 1 player(s), server 5 is assigned (classic mode: no reservation)
2026-09-20T12:47:32.919+04:00  INFO 3832 --- [matchmaking-backend] [           main] dev.csgogc.mm.search.SearchService       : match m-06177644 complete (1/1): READY_TO_CONNECT -> 10.0.0.5:27001 map=de_dust2
]]></system-out>
  </testcase>
  <testcase name="aGroupWithoutAServerOnAnyOfItsMapsKeepsSearchingInsteadOfGettingAnotherGroupsServer" classname="dev.csgogc.mm.MapGroupMatchingTest" time="0.028">
    <system-out><![CDATA[2026-09-20T12:47:32.929+04:00  INFO 3832 --- [matchmaking-backend] [           main] dev.csgogc.mm.server.GameServerService   : game server added: 10.0.0.5:27001 casual map='de_dust2' enabled=true state=AVAILABLE
2026-09-20T12:47:32.932+04:00  INFO 3832 --- [matchmaking-backend] [           main] dev.csgogc.mm.server.GameServerService   : game server added: 10.0.0.5:27002 casual map='de_inferno' enabled=true state=AVAILABLE
2026-09-20T12:47:32.935+04:00  INFO 3832 --- [matchmaking-backend] [           main] dev.csgogc.mm.server.GameServerService   : game server added: 10.0.0.5:27003 casual map='cs_office' enabled=true state=AVAILABLE
2026-09-20T12:47:32.937+04:00  INFO 3832 --- [matchmaking-backend] [           main] dev.csgogc.mm.search.SearchService       : search started: account=1 mode=casual maps=[de_basalt, de_ancient, de_vertigo, de_cbble, de_canals] game_type=7 source=gc
2026-09-20T12:47:32.940+04:00  INFO 3832 --- [matchmaking-backend] [           main] dev.csgogc.mm.server.GameServerService   : game server added: 10.0.0.5:27004 casual map='de_vertigo' enabled=true state=AVAILABLE
2026-09-20T12:47:32.942+04:00  INFO 3832 --- [matchmaking-backend] [           main] dev.csgogc.mm.search.SearchService       : match m-6249b2fc created: casual on 10.0.0.5:27004 map=de_vertigo needs 1 player(s), server 12 is assigned (classic mode: no reservation)
2026-09-20T12:47:32.946+04:00  INFO 3832 --- [matchmaking-backend] [           main] dev.csgogc.mm.search.SearchService       : match m-6249b2fc complete (1/1): READY_TO_CONNECT -> 10.0.0.5:27004 map=de_vertigo
]]></system-out>
  </testcase>
  <testcase name="aSkirmishSearchWithoutVariantsStillFitsAnySkirmishServer" classname="dev.csgogc.mm.MapGroupMatchingTest" time="0.02">
    <system-out><![CDATA[2026-09-20T12:47:32.956+04:00  INFO 3832 --- [matchmaking-backend] [           main] dev.csgogc.mm.server.GameServerService   : game server added: 10.0.0.5:27001 armsrace map='ar_shoots' enabled=true state=AVAILABLE
2026-09-20T12:47:32.959+04:00  INFO 3832 --- [matchmaking-backend] [           main] dev.csgogc.mm.server.GameServerService   : game server added: 10.0.0.5:27002 skirmish map='de_dust2' enabled=true state=AVAILABLE
2026-09-20T12:47:32.962+04:00  INFO 3832 --- [matchmaking-backend] [           main] dev.csgogc.mm.search.SearchService       : search started: account=1 mode=skirmish maps=[] game_type=12 source=gc
2026-09-20T12:47:32.964+04:00  INFO 3832 --- [matchmaking-backend] [           main] dev.csgogc.mm.search.SearchService       : match m-9acc4f74 created: skirmish on 10.0.0.5:27002 map=de_dust2 needs 1 player(s), server 14 is assigned (classic mode: no reservation)
2026-09-20T12:47:32.968+04:00  INFO 3832 --- [matchmaking-backend] [           main] dev.csgogc.mm.search.SearchService       : match m-9acc4f74 complete (1/1): READY_TO_CONNECT -> 10.0.0.5:27002 map=de_dust2
]]></system-out>
  </testcase>
  <testcase name="changingTheSelectedSkirmishModesReplacesTheSearch" classname="dev.csgogc.mm.MapGroupMatchingTest" time="0.012">
    <system-out><![CDATA[2026-09-20T12:47:32.978+04:00  INFO 3832 --- [matchmaking-backend] [           main] dev.csgogc.mm.search.SearchService       : search started: account=1 mode=skirmish maps=[] variants=[SearchVariant[name=armsrace, category=armsrace, maps=[de_lake, ar_baggage, de_safehouse, de_stmarc, ar_shoots, ar_lunacy, ar_monastery]]] game_type=131084 source=gc
2026-09-20T12:47:32.982+04:00  INFO 3832 --- [matchmaking-backend] [           main] dev.csgogc.mm.search.SearchService       : search replaced: account=1 skirmish -> skirmish maps=[]
]]></system-out>
  </testcase>
  <testcase name="variantsExistForSkirmishOnly" classname="dev.csgogc.mm.MapGroupMatchingTest" time="0.008"/>
  <testcase name="demolitionAloneNeverGetsAnArmsRaceServer" classname="dev.csgogc.mm.MapGroupMatchingTest" time="0.02">
    <system-out><![CDATA[2026-09-20T12:47:32.999+04:00  INFO 3832 --- [matchmaking-backend] [           main] dev.csgogc.mm.server.GameServerService   : game server added: 10.0.0.5:27001 armsrace map='de_lake' enabled=true state=AVAILABLE
2026-09-20T12:47:33.002+04:00  INFO 3832 --- [matchmaking-backend] [           main] dev.csgogc.mm.search.SearchService       : search started: account=1 mode=skirmish maps=[] variants=[SearchVariant[name=demolition, category=demolition, maps=[de_lake, de_safehouse, de_sugarcane, de_bank, de_stmarc, de_shortdust]]] game_type=262156 source=gc
2026-09-20T12:47:33.005+04:00  INFO 3832 --- [matchmaking-backend] [           main] dev.csgogc.mm.server.GameServerService   : game server added: 10.0.0.5:27002 demolition map='de_lake' enabled=true state=AVAILABLE
2026-09-20T12:47:33.007+04:00  INFO 3832 --- [matchmaking-backend] [           main] dev.csgogc.mm.search.SearchService       : match m-332d7801 created: demolition on 10.0.0.5:27002 map=de_lake needs 1 player(s), server 16 is assigned (classic mode: no reservation)
2026-09-20T12:47:33.009+04:00  INFO 3832 --- [matchmaking-backend] [           main] dev.csgogc.mm.search.SearchService       : match m-332d7801 complete (1/1): READY_TO_CONNECT -> 10.0.0.5:27002 map=de_lake
]]></system-out>
  </testcase>
  <testcase name="theModeCategoryIsPartOfTheMatchAsWellAsTheMapGroup" classname="dev.csgogc.mm.MapGroupMatchingTest" time="0.026">
    <system-out><![CDATA[2026-09-20T12:47:33.019+04:00  INFO 3832 --- [matchmaking-backend] [           main] dev.csgogc.mm.server.GameServerService   : game server added: 10.0.0.5:27001 casual map='de_ancient' enabled=true state=AVAILABLE
2026-09-20T12:47:33.021+04:00  INFO 3832 --- [matchmaking-backend] [           main] dev.csgogc.mm.search.SearchService       : search started: account=1 mode=deathmatch maps=[de_basalt, de_ancient, de_vertigo, de_cbble, de_canals] game_type=1677740038 source=gc
2026-09-20T12:47:33.026+04:00  INFO 3832 --- [matchmaking-backend] [           main] dev.csgogc.mm.server.GameServerService   : game server added: 10.0.0.5:27002 deathmatch map='de_canals' enabled=true state=AVAILABLE
2026-09-20T12:47:33.028+04:00  INFO 3832 --- [matchmaking-backend] [           main] dev.csgogc.mm.search.SearchService       : match m-e8a0d454 created: deathmatch on 10.0.0.5:27002 map=de_canals needs 1 player(s), server 18 is assigned (classic mode: no reservation)
2026-09-20T12:47:33.033+04:00  INFO 3832 --- [matchmaking-backend] [           main] dev.csgogc.mm.search.SearchService       : match m-e8a0d454 complete (1/1): READY_TO_CONNECT -> 10.0.0.5:27002 map=de_canals
]]></system-out>
  </testcase>
  <testcase name="demolitionAndSigmaAreDifferentGroupsOfDifferentModes" classname="dev.csgogc.mm.MapGroupMatchingTest" time="0.023">
    <system-out><![CDATA[2026-09-20T12:47:33.048+04:00  INFO 3832 --- [matchmaking-backend] [           main] dev.csgogc.mm.server.GameServerService   : game server added: 10.0.0.5:27001 demolition map='de_lake' enabled=true state=AVAILABLE
2026-09-20T12:47:33.050+04:00  INFO 3832 --- [matchmaking-backend] [           main] dev.csgogc.mm.search.SearchService       : search started: account=1 mode=casual maps=[de_basalt, de_ancient, de_vertigo, de_cbble, de_canals] game_type=7 source=gc
2026-09-20T12:47:33.053+04:00  INFO 3832 --- [matchmaking-backend] [           main] dev.csgogc.mm.server.GameServerService   : game server added: 10.0.0.5:27002 casual map='de_basalt' enabled=true state=AVAILABLE
2026-09-20T12:47:33.055+04:00  INFO 3832 --- [matchmaking-backend] [           main] dev.csgogc.mm.search.SearchService       : match m-a3c3ef52 created: casual on 10.0.0.5:27002 map=de_basalt needs 1 player(s), server 20 is assigned (classic mode: no reservation)
2026-09-20T12:47:33.058+04:00  INFO 3832 --- [matchmaking-backend] [           main] dev.csgogc.mm.search.SearchService       : match m-a3c3ef52 complete (1/1): READY_TO_CONNECT -> 10.0.0.5:27002 map=de_basalt
]]></system-out>
  </testcase>
  <testcase name="aSkirmishModeNeedsAServerOnAMapOfItsOwnGroup" classname="dev.csgogc.mm.MapGroupMatchingTest" time="0.023">
    <system-out><![CDATA[2026-09-20T12:47:33.069+04:00  INFO 3832 --- [matchmaking-backend] [           main] dev.csgogc.mm.server.GameServerService   : game server added: 10.0.0.5:27001 armsrace map='de_bank' enabled=true state=AVAILABLE
2026-09-20T12:47:33.073+04:00  INFO 3832 --- [matchmaking-backend] [           main] dev.csgogc.mm.search.SearchService       : search started: account=1 mode=skirmish maps=[] variants=[SearchVariant[name=armsrace, category=armsrace, maps=[de_lake, ar_baggage, de_safehouse, de_stmarc, ar_shoots, ar_lunacy, ar_monastery]]] game_type=131084 source=gc
2026-09-20T12:47:33.076+04:00  INFO 3832 --- [matchmaking-backend] [           main] dev.csgogc.mm.server.GameServerService   : game server added: 10.0.0.5:27002 armsrace map='ar_baggage' enabled=true state=AVAILABLE
2026-09-20T12:47:33.078+04:00  INFO 3832 --- [matchmaking-backend] [           main] dev.csgogc.mm.search.SearchService       : match m-749526d4 created: armsrace on 10.0.0.5:27002 map=ar_baggage needs 1 player(s), server 22 is assigned (classic mode: no reservation)
2026-09-20T12:47:33.081+04:00  INFO 3832 --- [matchmaking-backend] [           main] dev.csgogc.mm.search.SearchService       : match m-749526d4 complete (1/1): READY_TO_CONNECT -> 10.0.0.5:27002 map=ar_baggage
]]></system-out>
  </testcase>
  <testcase name="aSkirmishSearchCarriesTheSelectedModesAndEachIsServedByItsOwnCategoryAndMapGroup" classname="dev.csgogc.mm.MapGroupMatchingTest" time="0.037">
    <system-out><![CDATA[2026-09-20T12:47:33.093+04:00  INFO 3832 --- [matchmaking-backend] [           main] dev.csgogc.mm.server.GameServerService   : game server added: 10.0.0.5:27001 armsrace map='ar_shoots' enabled=true state=AVAILABLE
2026-09-20T12:47:33.096+04:00  INFO 3832 --- [matchmaking-backend] [           main] dev.csgogc.mm.server.GameServerService   : game server added: 10.0.0.5:27002 demolition map='de_bank' enabled=true state=AVAILABLE
2026-09-20T12:47:33.099+04:00  INFO 3832 --- [matchmaking-backend] [           main] dev.csgogc.mm.server.GameServerService   : game server added: 10.0.0.5:27003 skirmish map='de_dust2' enabled=true state=AVAILABLE
2026-09-20T12:47:33.104+04:00  INFO 3832 --- [matchmaking-backend] [           main] dev.csgogc.mm.search.SearchService       : search started: account=1 mode=skirmish maps=[] variants=[SearchVariant[name=armsrace, category=armsrace, maps=[de_lake, ar_baggage, de_safehouse, de_stmarc, ar_shoots, ar_lunacy, ar_monastery]], SearchVariant[name=demolition, category=demolition, maps=[de_lake, de_safehouse, de_sugarcane, de_bank, de_stmarc, de_shortdust]]] game_type=393228 source=gc
2026-09-20T12:47:33.107+04:00  INFO 3832 --- [matchmaking-backend] [           main] dev.csgogc.mm.search.SearchService       : match m-0ad13ecb created: armsrace on 10.0.0.5:27001 map=ar_shoots needs 1 player(s), server 23 is assigned (classic mode: no reservation)
2026-09-20T12:47:33.110+04:00  INFO 3832 --- [matchmaking-backend] [           main] dev.csgogc.mm.search.SearchService       : match m-0ad13ecb complete (1/1): READY_TO_CONNECT -> 10.0.0.5:27001 map=ar_shoots
2026-09-20T12:47:33.113+04:00  INFO 3832 --- [matchmaking-backend] [           main] dev.csgogc.mm.search.SearchService       : search started: account=2 mode=skirmish maps=[] variants=[SearchVariant[name=armsrace, category=armsrace, maps=[de_lake, ar_baggage, de_safehouse, de_stmarc, ar_shoots, ar_lunacy, ar_monastery]], SearchVariant[name=demolition, category=demolition, maps=[de_lake, de_safehouse, de_sugarcane, de_bank, de_stmarc, de_shortdust]]] game_type=393228 source=gc
2026-09-20T12:47:33.116+04:00  INFO 3832 --- [matchmaking-backend] [           main] dev.csgogc.mm.search.SearchService       : match m-8bb1b617 created: demolition on 10.0.0.5:27002 map=de_bank needs 1 player(s), server 24 is assigned (classic mode: no reservation)
2026-09-20T12:47:33.120+04:00  INFO 3832 --- [matchmaking-backend] [           main] dev.csgogc.mm.search.SearchService       : match m-8bb1b617 complete (1/1): READY_TO_CONNECT -> 10.0.0.5:27002 map=de_bank
]]></system-out>
  </testcase>
</testsuite>