<?xml version="1.0" encoding="UTF-8"?>
<testsuite xmlns:xsi="http://www.w3.org/2001/XMLSchema-instance" xsi:noNamespaceSchemaLocation="https://maven.apache.org/surefire/maven-surefire-plugin/xsd/surefire-test-report.xsd" version="3.0.2" name="dev.csgogc.mm.BackendDrivenRosterTest" time="1.23" tests="15" errors="0" skipped="0" failures="0" flakes="0">
  <properties>
[...]
</properties>
  <testcase name="aServerThatDoesNotReadItsRosterGetsTheOldImmediateAssignment" classname="dev.csgogc.mm.BackendDrivenRosterTest" time="0.067">
    <system-out><![CDATA[2026-09-20T12:47:28.720+04:00  INFO 3832 --- [matchmaking-backend] [           main] t.c.s.AnnotationConfigContextLoaderUtils : Could not detect default configuration classes for test class [dev.csgogc.mm.BackendDrivenRosterTest]: BackendDrivenRosterTest does not declare any static, non-private, non-final, nested classes annotated with @Configuration.
2026-09-20T12:47:28.724+04:00  INFO 3832 --- [matchmaking-backend] [           main] .b.t.c.SpringBootTestContextBootstrapper : Found @SpringBootConfiguration dev.csgogc.mm.MatchmakingBackendApplication for test class dev.csgogc.mm.BackendDrivenRosterTest

  .   ____          _            __ _ _
 /\\ / ___'_ __ _ _(_)_ __  __ _ \ \ \ \
( ( )\___ | '_ | '_| | '_ \/ _` | \ \ \ \
 \\/  ___)| |_)| | | | | || (_| |  ) ) ) )
  '  |____| .__|_| |_|_| |_\__, | / / / /
 =========|_|==============|___/=/_/_/_/

 :: Spring Boot ::               (v3.5.16)

2026-09-20T12:47:28.749+04:00  INFO 3832 --- [matchmaking-backend] [           main] dev.csgogc.mm.BackendDrivenRosterTest    : Starting BackendDrivenRosterTest using Java 21.0.12.1 with PID 3832 (started by Administrator in D:\csgo2021_gc\java-backend)
2026-09-20T12:47:28.749+04:00  INFO 3832 --- [matchmaking-backend] [           main] dev.csgogc.mm.BackendDrivenRosterTest    : No active profile set, falling back to 1 default profile: "default"
2026-09-20T12:47:28.955+04:00  INFO 3832 --- [matchmaking-backend] [           main] dev.csgogc.mm.config.DatabaseConfig      : SQLite database: C:\Users\ADMINI~1\AppData\Local\Temp\mm-backend-roster-test109578071237821674\mm.db
2026-09-20T12:47:28.955+04:00  INFO 3832 --- [matchmaking-backend] [           main] com.zaxxer.hikari.HikariDataSource       : sqlite - Starting...
2026-09-20T12:47:29.120+04:00  INFO 3832 --- [matchmaking-backend] [           main] com.zaxxer.hikari.pool.HikariPool        : sqlite - Added connection org.sqlite.jdbc4.JDBC4Connection@3ee68eb2
2026-09-20T12:47:29.120+04:00  INFO 3832 --- [matchmaking-backend] [           main] com.zaxxer.hikari.HikariDataSource       : sqlite - Start completed.
2026-09-20T12:47:29.152+04:00  INFO 3832 --- [matchmaking-backend] [           main] dev.csgogc.mm.config.SchemaInitializer   : database migrated: game_server.state added
2026-09-20T12:47:29.154+04:00  INFO 3832 --- [matchmaking-backend] [           main] dev.csgogc.mm.config.SchemaInitializer   : database migrated: game_server.reserved_match_id added
2026-09-20T12:47:29.156+04:00  INFO 3832 --- [matchmaking-backend] [           main] dev.csgogc.mm.config.SchemaInitializer   : database migrated: game_server.reserved_at added
2026-09-20T12:47:29.157+04:00  INFO 3832 --- [matchmaking-backend] [           main] dev.csgogc.mm.config.SchemaInitializer   : database migrated: game_server.last_assigned_at added
2026-09-20T12:47:29.159+04:00  INFO 3832 --- [matchmaking-backend] [           main] dev.csgogc.mm.config.SchemaInitializer   : database migrated: game_server.last_heartbeat_at added
2026-09-20T12:47:29.160+04:00  INFO 3832 --- [matchmaking-backend] [           main] dev.csgogc.mm.config.SchemaInitializer   : database migrated: game_server.max_players added
2026-09-20T12:47:29.162+04:00  INFO 3832 --- [matchmaking-backend] [           main] dev.csgogc.mm.config.SchemaInitializer   : database migrated: matchmaking_search.match_id added
2026-09-20T12:47:29.163+04:00  INFO 3832 --- [matchmaking-backend] [           main] dev.csgogc.mm.config.SchemaInitializer   : database migrated: matchmaking_search.matched_at added
2026-09-20T12:47:29.164+04:00  INFO 3832 --- [matchmaking-backend] [           main] dev.csgogc.mm.config.SchemaInitializer   : database migrated: matchmaking_search.variants added
2026-09-20T12:47:29.166+04:00  INFO 3832 --- [matchmaking-backend] [           main] dev.csgogc.mm.config.SchemaInitializer   : database migrated: matchmaking_search.accepted_at added
2026-09-20T12:47:29.167+04:00  INFO 3832 --- [matchmaking-backend] [           main] dev.csgogc.mm.config.SchemaInitializer   : database migrated: matchmaking_match.accept_deadline_at added
2026-09-20T12:47:29.168+04:00  INFO 3832 --- [matchmaking-backend] [           main] dev.csgogc.mm.config.SchemaInitializer   : database migrated: matchmaking_match.accepted_at added
2026-09-20T12:47:29.170+04:00  INFO 3832 --- [matchmaking-backend] [           main] dev.csgogc.mm.config.SchemaInitializer   : database migrated: game_server.available_after added
2026-09-20T12:47:29.184+04:00  WARN 3832 --- [matchmaking-backend] [           main] dev.csgogc.mm.config.StartupValidator    : backend.required-players.competitive=10 (retail: 10): matches of this category start with 10 real player(s)
2026-09-20T12:47:29.184+04:00  WARN 3832 --- [matchmaking-backend] [           main] dev.csgogc.mm.config.StartupValidator    : backend.required-players.wingman=4 (retail: 4): matches of this category start with 4 real player(s)
2026-09-20T12:47:29.184+04:00  WARN 3832 --- [matchmaking-backend] [           main] dev.csgogc.mm.config.StartupValidator    : backend.required-players.dangerzone=16 (retail: 16): matches of this category start with 16 real player(s)
2026-09-20T12:47:29.184+04:00  WARN 3832 --- [matchmaking-backend] [           main] dev.csgogc.mm.config.StartupValidator    : HTTP is bound to 192.168.1.150 (not loopback) and served without TLS: admin credentials travel in clear text
2026-09-20T12:47:29.297+04:00  INFO 3832 --- [matchmaking-backend] [           main] r$InitializeUserDetailsManagerConfigurer : Global AuthenticationManager configured with UserDetailsService bean with name adminUser
2026-09-20T12:47:29.349+04:00  INFO 3832 --- [matchmaking-backend] [           main] o.s.b.t.m.w.SpringBootMockServletContext : Initializing Spring TestDispatcherServlet ''
2026-09-20T12:47:29.349+04:00  INFO 3832 --- [matchmaking-backend] [           main] o.s.t.web.servlet.TestDispatcherServlet  : Initializing Servlet ''
2026-09-20T12:47:29.349+04:00  INFO 3832 --- [matchmaking-backend] [           main] o.s.t.web.servlet.TestDispatcherServlet  : Completed initialization in 0 ms
2026-09-20T12:47:29.355+04:00  INFO 3832 --- [matchmaking-backend] [           main] dev.csgogc.mm.BackendDrivenRosterTest    : Started BackendDrivenRosterTest in 0.627 seconds (process running for 5.641)
2026-09-20T12:47:29.374+04:00  INFO 3832 --- [matchmaking-backend] [           main] dev.csgogc.mm.server.GameServerService   : game server added: 192.168.1.150:27017 competitive map='de_dust2' enabled=true state=AVAILABLE
2026-09-20T12:47:29.392+04:00  INFO 3832 --- [matchmaking-backend] [           main] dev.csgogc.mm.search.SearchService       : fake search 1 added: 9 virtual competitive player(s) maps=[] enabled=true
2026-09-20T12:47:29.407+04:00  INFO 3832 --- [matchmaking-backend] [           main] dev.csgogc.mm.search.SearchService       : search started: account=1050166997 mode=competitive maps=[de_dust2] game_type=8 source=gc
2026-09-20T12:47:29.409+04:00  INFO 3832 --- [matchmaking-backend] [           main] dev.csgogc.mm.search.SearchService       : match m-a4ade135 created: competitive gathering 10 player(s), no server yet
2026-09-20T12:47:29.410+04:00  INFO 3832 --- [matchmaking-backend] [           main] dev.csgogc.mm.search.SearchService       : match m-a4ade135: account 1050166997 joined (1/10)
2026-09-20T12:47:29.411+04:00  INFO 3832 --- [matchmaking-backend] [           main] dev.csgogc.mm.search.SearchService       : match m-a4ade135: 9 virtual player(s) joined (fake search 1) (10/10)
2026-09-20T12:47:29.412+04:00  INFO 3832 --- [matchmaking-backend] [           main] dev.csgogc.mm.search.SearchService       : match m-a4ade135 is full (10/10, 9 virtual): looking for a free competitive server
2026-09-20T12:47:29.414+04:00  INFO 3832 --- [matchmaking-backend] [           main] dev.csgogc.mm.search.SearchService       : match m-a4ade135: server 192.168.1.150:27017 map=de_dust2 is RESERVED
2026-09-20T12:47:29.416+04:00  INFO 3832 --- [matchmaking-backend] [           main] dev.csgogc.mm.search.SearchService       : match m-a4ade135 is ACCEPTING: 1 player(s) have until 2026-01-01T12:00:25Z (PT25S)
2026-09-20T12:47:29.416+04:00  INFO 3832 --- [matchmaking-backend] [           main] dev.csgogc.mm.search.SearchService       : match m-a4ade135 complete (10/10, 9 virtual): WAITING_ACCEPT -> 192.168.1.150:27017 map=de_dust2
]]></system-out>
  </testcase>
  <testcase name="aServerThatReadsItsRosterHoldsTheAssignmentUntilItConfirmsTheRoster" classname="dev.csgogc.mm.BackendDrivenRosterTest" time="0.051">
    <system-out><![CDATA[2026-09-20T12:47:29.434+04:00  INFO 3832 --- [matchmaking-backend] [           main] dev.csgogc.mm.server.GameServerService   : game server added: 192.168.1.150:27017 competitive map='de_dust2' enabled=true state=AVAILABLE
2026-09-20T12:47:29.437+04:00  INFO 3832 --- [matchmaking-backend] [           main] dev.csgogc.mm.search.SearchService       : fake search 2 added: 9 virtual competitive player(s) maps=[de_dust2] enabled=true
2026-09-20T12:47:29.445+04:00  INFO 3832 --- [matchmaking-backend] [           main] dev.csgogc.mm.search.SearchService       : search started: account=1050166997 mode=competitive maps=[de_dust2] game_type=8 source=gc
2026-09-20T12:47:29.447+04:00  INFO 3832 --- [matchmaking-backend] [           main] dev.csgogc.mm.search.SearchService       : match m-52ab5f44 created: competitive gathering 10 player(s), no server yet
2026-09-20T12:47:29.448+04:00  INFO 3832 --- [matchmaking-backend] [           main] dev.csgogc.mm.search.SearchService       : match m-52ab5f44: account 1050166997 joined (1/10)
2026-09-20T12:47:29.450+04:00  INFO 3832 --- [matchmaking-backend] [           main] dev.csgogc.mm.search.SearchService       : match m-52ab5f44: 9 virtual player(s) joined (fake search 2) (10/10)
2026-09-20T12:47:29.451+04:00  INFO 3832 --- [matchmaking-backend] [           main] dev.csgogc.mm.search.SearchService       : match m-52ab5f44 is full (10/10, 9 virtual): looking for a free competitive server
2026-09-20T12:47:29.452+04:00  INFO 3832 --- [matchmaking-backend] [           main] dev.csgogc.mm.search.SearchService       : match m-52ab5f44: server 192.168.1.150:27017 map=de_dust2 is RESERVED
2026-09-20T12:47:29.453+04:00  INFO 3832 --- [matchmaking-backend] [           main] dev.csgogc.mm.search.SearchService       : match m-52ab5f44 complete (10/10, 9 virtual) on 192.168.1.150:27017: waiting for the game server to arm the roster
2026-09-20T12:47:29.470+04:00  INFO 3832 --- [matchmaking-backend] [           main] dev.csgogc.mm.search.SearchService       : match m-52ab5f44 is ACCEPTING: 1 player(s) have until 2026-01-01T12:00:25Z (PT25S)
2026-09-20T12:47:29.470+04:00  INFO 3832 --- [matchmaking-backend] [           main] dev.csgogc.mm.search.SearchService       : match m-52ab5f44: game server 192.168.1.150:27017 armed the roster, 1 player(s) get the server
2026-09-20T12:47:29.474+04:00  INFO 3832 --- [matchmaking-backend] [           main] dev.csgogc.mm.search.SearchService       : match m-52ab5f44: game server 192.168.1.150:27017 armed the roster, 0 player(s) get the server
]]></system-out>
  </testcase>
  <testcase name="theRosterOfASecondMatchOnTheSameServerIsTheNewOne" classname="dev.csgogc.mm.BackendDrivenRosterTest" time="0.067">
    <system-out><![CDATA[2026-09-20T12:47:29.485+04:00  INFO 3832 --- [matchmaking-backend] [           main] dev.csgogc.mm.server.GameServerService   : game server added: 192.168.1.150:27017 competitive map='de_dust2' enabled=true state=AVAILABLE
2026-09-20T12:47:29.487+04:00  INFO 3832 --- [matchmaking-backend] [           main] dev.csgogc.mm.search.SearchService       : fake search 3 added: 9 virtual competitive player(s) maps=[] enabled=true
2026-09-20T12:47:29.494+04:00  INFO 3832 --- [matchmaking-backend] [           main] dev.csgogc.mm.search.SearchService       : search started: account=1050166997 mode=competitive maps=[de_dust2] game_type=8 source=gc
2026-09-20T12:47:29.495+04:00  INFO 3832 --- [matchmaking-backend] [           main] dev.csgogc.mm.search.SearchService       : match m-e71267ea created: competitive gathering 10 player(s), no server yet
2026-09-20T12:47:29.496+04:00  INFO 3832 --- [matchmaking-backend] [           main] dev.csgogc.mm.search.SearchService       : match m-e71267ea: account 1050166997 joined (1/10)
2026-09-20T12:47:29.498+04:00  INFO 3832 --- [matchmaking-backend] [           main] dev.csgogc.mm.search.SearchService       : match m-e71267ea: 9 virtual player(s) joined (fake search 3) (10/10)
2026-09-20T12:47:29.499+04:00  INFO 3832 --- [matchmaking-backend] [           main] dev.csgogc.mm.search.SearchService       : match m-e71267ea is full (10/10, 9 virtual): looking for a free competitive server
2026-09-20T12:47:29.500+04:00  INFO 3832 --- [matchmaking-backend] [           main] dev.csgogc.mm.search.SearchService       : match m-e71267ea: server 192.168.1.150:27017 map=de_dust2 is RESERVED
2026-09-20T12:47:29.501+04:00  INFO 3832 --- [matchmaking-backend] [           main] dev.csgogc.mm.search.SearchService       : match m-e71267ea complete (10/10, 9 virtual) on 192.168.1.150:27017: waiting for the game server to arm the roster
2026-09-20T12:47:29.507+04:00  INFO 3832 --- [matchmaking-backend] [           main] dev.csgogc.mm.search.SearchService       : match m-e71267ea is ACCEPTING: 1 player(s) have until 2026-01-01T12:00:25Z (PT25S)
2026-09-20T12:47:29.507+04:00  INFO 3832 --- [matchmaking-backend] [           main] dev.csgogc.mm.search.SearchService       : match m-e71267ea: game server 192.168.1.150:27017 armed the roster, 1 player(s) get the server
2026-09-20T12:47:29.513+04:00  INFO 3832 --- [matchmaking-backend] [           main] dev.csgogc.mm.search.SearchService       : match m-e71267ea cancelled (account 1050166997 started a new search): 1 player(s) search again, server 192.168.1.150:27017 is AVAILABLE again
2026-09-20T12:47:29.516+04:00  INFO 3832 --- [matchmaking-backend] [           main] dev.csgogc.mm.search.SearchService       : search replaced: account=1050166997 competitive -> competitive maps=[de_dust2]
2026-09-20T12:47:29.517+04:00  INFO 3832 --- [matchmaking-backend] [           main] dev.csgogc.mm.search.SearchService       : match m-a8b7c74f created: competitive gathering 10 player(s), no server yet
2026-09-20T12:47:29.518+04:00  INFO 3832 --- [matchmaking-backend] [           main] dev.csgogc.mm.search.SearchService       : match m-a8b7c74f: account 1050166997 joined (1/10)
2026-09-20T12:47:29.519+04:00  INFO 3832 --- [matchmaking-backend] [           main] dev.csgogc.mm.search.SearchService       : match m-a8b7c74f: 9 virtual player(s) joined (fake search 3) (10/10)
2026-09-20T12:47:29.520+04:00  INFO 3832 --- [matchmaking-backend] [           main] dev.csgogc.mm.search.SearchService       : match m-a8b7c74f is full (10/10, 9 virtual): looking for a free competitive server
2026-09-20T12:47:29.521+04:00  INFO 3832 --- [matchmaking-backend] [           main] dev.csgogc.mm.search.SearchService       : match m-a8b7c74f is full but no free competitive server runs one of [de_dust2]: it waits for one
2026-09-20T12:47:29.530+04:00  INFO 3832 --- [matchmaking-backend] [           main] dev.csgogc.mm.search.SearchService       : match m-a8b7c74f: server 192.168.1.150:27017 map=de_dust2 is RESERVED
2026-09-20T12:47:29.530+04:00  INFO 3832 --- [matchmaking-backend] [           main] dev.csgogc.mm.search.SearchService       : match m-a8b7c74f complete (10/10, 9 virtual) on 192.168.1.150:27017: waiting for the game server to arm the roster
2026-09-20T12:47:29.540+04:00  INFO 3832 --- [matchmaking-backend] [           main] dev.csgogc.mm.search.SearchService       : match m-a8b7c74f is ACCEPTING: 1 player(s) have until 2026-01-01T12:00:41Z (PT25S)
2026-09-20T12:47:29.541+04:00  INFO 3832 --- [matchmaking-backend] [           main] dev.csgogc.mm.search.SearchService       : match m-a8b7c74f: game server 192.168.1.150:27017 armed the roster, 1 player(s) get the server
]]></system-out>
  </testcase>
  <testcase name="severalFakeSearchesAddUpToTheRequiredPlayers" classname="dev.csgogc.mm.BackendDrivenRosterTest" time="0.036">
    <system-out><![CDATA[2026-09-20T12:47:29.552+04:00  INFO 3832 --- [matchmaking-backend] [           main] dev.csgogc.mm.server.GameServerService   : game server added: 10.0.0.5:27017 competitive map='de_dust2' enabled=true state=AVAILABLE
2026-09-20T12:47:29.555+04:00  INFO 3832 --- [matchmaking-backend] [           main] dev.csgogc.mm.search.SearchService       : fake search 4 added: 4 virtual competitive player(s) maps=[de_dust2] enabled=true
2026-09-20T12:47:29.559+04:00  INFO 3832 --- [matchmaking-backend] [           main] dev.csgogc.mm.search.SearchService       : fake search 5 added: 3 virtual competitive player(s) maps=[] enabled=true
2026-09-20T12:47:29.562+04:00  INFO 3832 --- [matchmaking-backend] [           main] dev.csgogc.mm.search.SearchService       : fake search 6 added: 2 virtual competitive player(s) maps=[de_dust2, de_mirage] enabled=true
2026-09-20T12:47:29.565+04:00  INFO 3832 --- [matchmaking-backend] [           main] dev.csgogc.mm.search.SearchService       : search started: account=1050166997 mode=competitive maps=[de_dust2] game_type=8 source=gc
2026-09-20T12:47:29.566+04:00  INFO 3832 --- [matchmaking-backend] [           main] dev.csgogc.mm.search.SearchService       : match m-b8c636b8 created: competitive gathering 10 player(s), no server yet
2026-09-20T12:47:29.568+04:00  INFO 3832 --- [matchmaking-backend] [           main] dev.csgogc.mm.search.SearchService       : match m-b8c636b8: account 1050166997 joined (1/10)
2026-09-20T12:47:29.569+04:00  INFO 3832 --- [matchmaking-backend] [           main] dev.csgogc.mm.search.SearchService       : match m-b8c636b8: 4 virtual player(s) joined (fake search 4) (5/10)
2026-09-20T12:47:29.571+04:00  INFO 3832 --- [matchmaking-backend] [           main] dev.csgogc.mm.search.SearchService       : match m-b8c636b8: 3 virtual player(s) joined (fake search 5) (8/10)
2026-09-20T12:47:29.572+04:00  INFO 3832 --- [matchmaking-backend] [           main] dev.csgogc.mm.search.SearchService       : match m-b8c636b8: 2 virtual player(s) joined (fake search 6) (10/10)
2026-09-20T12:47:29.573+04:00  INFO 3832 --- [matchmaking-backend] [           main] dev.csgogc.mm.search.SearchService       : match m-b8c636b8 is full (10/10, 9 virtual): looking for a free competitive server
2026-09-20T12:47:29.574+04:00  INFO 3832 --- [matchmaking-backend] [           main] dev.csgogc.mm.search.SearchService       : match m-b8c636b8: server 10.0.0.5:27017 map=de_dust2 is RESERVED
2026-09-20T12:47:29.576+04:00  INFO 3832 --- [matchmaking-backend] [           main] dev.csgogc.mm.search.SearchService       : match m-b8c636b8 is ACCEPTING: 1 player(s) have until 2026-01-01T12:00:41Z (PT25S)
2026-09-20T12:47:29.576+04:00  INFO 3832 --- [matchmaking-backend] [           main] dev.csgogc.mm.search.SearchService       : match m-b8c636b8 complete (10/10, 9 virtual): WAITING_ACCEPT -> 10.0.0.5:27017 map=de_dust2
]]></system-out>
  </testcase>
  <testcase name="aConfirmationHasToNameTheMatchOfThatServer" classname="dev.csgogc.mm.BackendDrivenRosterTest" time="0.045">
    <system-out><![CDATA[2026-09-20T12:47:29.588+04:00  INFO 3832 --- [matchmaking-backend] [           main] dev.csgogc.mm.server.GameServerService   : game server added: 192.168.1.150:27017 competitive map='de_dust2' enabled=true state=AVAILABLE
2026-09-20T12:47:29.591+04:00  INFO 3832 --- [matchmaking-backend] [           main] dev.csgogc.mm.server.GameServerService   : game server added: 192.168.1.150:27018 wingman map='de_lake' enabled=true state=AVAILABLE
2026-09-20T12:47:29.594+04:00  INFO 3832 --- [matchmaking-backend] [           main] dev.csgogc.mm.search.SearchService       : fake search 7 added: 9 virtual competitive player(s) maps=[] enabled=true
2026-09-20T12:47:29.600+04:00  INFO 3832 --- [matchmaking-backend] [           main] dev.csgogc.mm.search.SearchService       : search started: account=1050166997 mode=competitive maps=[de_dust2] game_type=8 source=gc
2026-09-20T12:47:29.601+04:00  INFO 3832 --- [matchmaking-backend] [           main] dev.csgogc.mm.search.SearchService       : match m-d6a3a276 created: competitive gathering 10 player(s), no server yet
2026-09-20T12:47:29.602+04:00  INFO 3832 --- [matchmaking-backend] [           main] dev.csgogc.mm.search.SearchService       : match m-d6a3a276: account 1050166997 joined (1/10)
2026-09-20T12:47:29.604+04:00  INFO 3832 --- [matchmaking-backend] [           main] dev.csgogc.mm.search.SearchService       : match m-d6a3a276: 9 virtual player(s) joined (fake search 7) (10/10)
2026-09-20T12:47:29.605+04:00  INFO 3832 --- [matchmaking-backend] [           main] dev.csgogc.mm.search.SearchService       : match m-d6a3a276 is full (10/10, 9 virtual): looking for a free competitive server
2026-09-20T12:47:29.607+04:00  INFO 3832 --- [matchmaking-backend] [           main] dev.csgogc.mm.search.SearchService       : match m-d6a3a276: server 192.168.1.150:27017 map=de_dust2 is RESERVED
2026-09-20T12:47:29.607+04:00  INFO 3832 --- [matchmaking-backend] [           main] dev.csgogc.mm.search.SearchService       : match m-d6a3a276 complete (10/10, 9 virtual) on 192.168.1.150:27017: waiting for the game server to arm the roster
2026-09-20T12:47:29.623+04:00  INFO 3832 --- [matchmaking-backend] [           main] dev.csgogc.mm.search.SearchService       : match m-d6a3a276 is ACCEPTING: 1 player(s) have until 2026-01-01T12:00:41Z (PT25S)
2026-09-20T12:47:29.623+04:00  INFO 3832 --- [matchmaking-backend] [           main] dev.csgogc.mm.search.SearchService       : match m-d6a3a276: game server 192.168.1.150:27017 armed the roster, 1 player(s) get the server
]]></system-out>
  </testcase>
  <testcase name="aDisabledFakeSearchDoesNotParticipate" classname="dev.csgogc.mm.BackendDrivenRosterTest" time="0.045">
    <system-out><![CDATA[2026-09-20T12:47:29.633+04:00  INFO 3832 --- [matchmaking-backend] [           main] dev.csgogc.mm.server.GameServerService   : game server added: 10.0.0.5:27018 wingman map='de_lake' enabled=true state=AVAILABLE
2026-09-20T12:47:29.636+04:00  INFO 3832 --- [matchmaking-backend] [           main] dev.csgogc.mm.search.SearchService       : fake search 8 added: 3 virtual wingman player(s) maps=[de_lake] enabled=false
2026-09-20T12:47:29.644+04:00  INFO 3832 --- [matchmaking-backend] [           main] dev.csgogc.mm.search.SearchService       : search started: account=1050166997 mode=wingman maps=[de_lake] game_type=10 source=gc
2026-09-20T12:47:29.647+04:00  INFO 3832 --- [matchmaking-backend] [           main] dev.csgogc.mm.search.SearchService       : match m-41f28a98 created: wingman gathering 4 player(s), no server yet
2026-09-20T12:47:29.649+04:00  INFO 3832 --- [matchmaking-backend] [           main] dev.csgogc.mm.search.SearchService       : match m-41f28a98: account 1050166997 joined (1/4)
2026-09-20T12:47:29.660+04:00  INFO 3832 --- [matchmaking-backend] [           main] dev.csgogc.mm.search.SearchService       : fake search 8 started
2026-09-20T12:47:29.663+04:00  INFO 3832 --- [matchmaking-backend] [           main] dev.csgogc.mm.search.SearchService       : match m-41f28a98: 3 virtual player(s) joined (fake search 8) (4/4)
2026-09-20T12:47:29.664+04:00  INFO 3832 --- [matchmaking-backend] [           main] dev.csgogc.mm.search.SearchService       : match m-41f28a98 is full (4/4, 3 virtual): looking for a free wingman server
2026-09-20T12:47:29.665+04:00  INFO 3832 --- [matchmaking-backend] [           main] dev.csgogc.mm.search.SearchService       : match m-41f28a98: server 10.0.0.5:27018 map=de_lake is RESERVED
2026-09-20T12:47:29.667+04:00  INFO 3832 --- [matchmaking-backend] [           main] dev.csgogc.mm.search.SearchService       : match m-41f28a98 is ACCEPTING: 1 player(s) have until 2026-01-01T12:00:41Z (PT25S)
2026-09-20T12:47:29.668+04:00  INFO 3832 --- [matchmaking-backend] [           main] dev.csgogc.mm.search.SearchService       : match m-41f28a98 complete (4/4, 3 virtual): WAITING_ACCEPT -> 10.0.0.5:27018 map=de_lake
]]></system-out>
  </testcase>
  <testcase name="theHoldEndsWhenTheServerStopsAskingForRosters" classname="dev.csgogc.mm.BackendDrivenRosterTest" time="0.032">
    <system-out><![CDATA[2026-09-20T12:47:29.679+04:00  INFO 3832 --- [matchmaking-backend] [           main] dev.csgogc.mm.server.GameServerService   : game server added: 192.168.1.150:27017 competitive map='de_dust2' enabled=true state=AVAILABLE
2026-09-20T12:47:29.683+04:00  INFO 3832 --- [matchmaking-backend] [           main] dev.csgogc.mm.search.SearchService       : fake search 9 added: 9 virtual competitive player(s) maps=[] enabled=true
2026-09-20T12:47:29.687+04:00  INFO 3832 --- [matchmaking-backend] [           main] dev.csgogc.mm.search.SearchService       : search started: account=1050166997 mode=competitive maps=[de_dust2] game_type=8 source=gc
2026-09-20T12:47:29.689+04:00  INFO 3832 --- [matchmaking-backend] [           main] dev.csgogc.mm.search.SearchService       : match m-477567dd created: competitive gathering 10 player(s), no server yet
2026-09-20T12:47:29.689+04:00  INFO 3832 --- [matchmaking-backend] [           main] dev.csgogc.mm.search.SearchService       : match m-477567dd: account 1050166997 joined (1/10)
2026-09-20T12:47:29.691+04:00  INFO 3832 --- [matchmaking-backend] [           main] dev.csgogc.mm.search.SearchService       : match m-477567dd: 9 virtual player(s) joined (fake search 9) (10/10)
2026-09-20T12:47:29.692+04:00  INFO 3832 --- [matchmaking-backend] [           main] dev.csgogc.mm.search.SearchService       : match m-477567dd is full (10/10, 9 virtual): looking for a free competitive server
2026-09-20T12:47:29.694+04:00  INFO 3832 --- [matchmaking-backend] [           main] dev.csgogc.mm.search.SearchService       : match m-477567dd: server 192.168.1.150:27017 map=de_dust2 is RESERVED
2026-09-20T12:47:29.694+04:00  INFO 3832 --- [matchmaking-backend] [           main] dev.csgogc.mm.search.SearchService       : match m-477567dd complete (10/10, 9 virtual) on 192.168.1.150:27017: waiting for the game server to arm the roster
2026-09-20T12:47:29.701+04:00  INFO 3832 --- [matchmaking-backend] [           main] dev.csgogc.mm.search.SearchService       : match m-477567dd is ACCEPTING: 1 player(s) have until 2026-01-01T12:00:52Z (PT25S)
2026-09-20T12:47:29.701+04:00  INFO 3832 --- [matchmaking-backend] [           main] dev.csgogc.mm.search.SearchService       : match m-477567dd: 1 player(s) get 192.168.1.150:27017 (the game server does not read its roster from the backend)
]]></system-out>
  </testcase>
  <testcase name="oneRealAndFifteenFakePlayersAreOneDangerZoneMatchOfSixteen" classname="dev.csgogc.mm.BackendDrivenRosterTest" time="0.023">
    <system-out><![CDATA[2026-09-20T12:47:29.711+04:00  INFO 3832 --- [matchmaking-backend] [           main] dev.csgogc.mm.server.GameServerService   : game server added: 192.168.1.150:27019 dangerzone map='dz_blacksite' enabled=true state=AVAILABLE
2026-09-20T12:47:29.714+04:00  INFO 3832 --- [matchmaking-backend] [           main] dev.csgogc.mm.search.SearchService       : fake search 10 added: 15 virtual dangerzone player(s) maps=[dz_blacksite] enabled=true
2026-09-20T12:47:29.717+04:00  INFO 3832 --- [matchmaking-backend] [           main] dev.csgogc.mm.search.SearchService       : search started: account=1050166997 mode=dangerzone maps=[dz_blacksite] game_type=13 source=gc
2026-09-20T12:47:29.718+04:00  INFO 3832 --- [matchmaking-backend] [           main] dev.csgogc.mm.search.SearchService       : match m-d8639338 created: dangerzone gathering 16 player(s), no server yet
2026-09-20T12:47:29.719+04:00  INFO 3832 --- [matchmaking-backend] [           main] dev.csgogc.mm.search.SearchService       : match m-d8639338: account 1050166997 joined (1/16)
2026-09-20T12:47:29.721+04:00  INFO 3832 --- [matchmaking-backend] [           main] dev.csgogc.mm.search.SearchService       : match m-d8639338: 15 virtual player(s) joined (fake search 10) (16/16)
2026-09-20T12:47:29.721+04:00  INFO 3832 --- [matchmaking-backend] [           main] dev.csgogc.mm.search.SearchService       : match m-d8639338 is full (16/16, 15 virtual): looking for a free dangerzone server
2026-09-20T12:47:29.722+04:00  INFO 3832 --- [matchmaking-backend] [           main] dev.csgogc.mm.search.SearchService       : match m-d8639338: server 192.168.1.150:27019 map=dz_blacksite is RESERVED
2026-09-20T12:47:29.725+04:00  INFO 3832 --- [matchmaking-backend] [           main] dev.csgogc.mm.search.SearchService       : match m-d8639338 is ACCEPTING: 1 player(s) have until 2026-01-01T12:00:52Z (PT25S)
2026-09-20T12:47:29.725+04:00  INFO 3832 --- [matchmaking-backend] [           main] dev.csgogc.mm.search.SearchService       : match m-d8639338 complete (16/16, 15 virtual): WAITING_ACCEPT -> 192.168.1.150:27019 map=dz_blacksite
]]></system-out>
  </testcase>
  <testcase name="fakePlayersNeverCreateAMatchWithoutASuitableRealSearch" classname="dev.csgogc.mm.BackendDrivenRosterTest" time="0.043">
    <system-out><![CDATA[2026-09-20T12:47:29.735+04:00  INFO 3832 --- [matchmaking-backend] [           main] dev.csgogc.mm.server.GameServerService   : game server added: 10.0.0.5:27017 competitive map='de_dust2' enabled=true state=AVAILABLE
2026-09-20T12:47:29.738+04:00  INFO 3832 --- [matchmaking-backend] [           main] dev.csgogc.mm.search.SearchService       : fake search 11 added: 5 virtual competitive player(s) maps=[de_dust2] enabled=true
2026-09-20T12:47:29.744+04:00  INFO 3832 --- [matchmaking-backend] [           main] dev.csgogc.mm.search.SearchService       : search started: account=1 mode=wingman maps=[] game_type=10 source=gc
2026-09-20T12:47:29.747+04:00  INFO 3832 --- [matchmaking-backend] [           main] dev.csgogc.mm.search.SearchService       : search started: account=2 mode=competitive maps=[de_mirage] game_type=8 source=gc
2026-09-20T12:47:29.753+04:00  INFO 3832 --- [matchmaking-backend] [           main] dev.csgogc.mm.search.SearchService       : search started: account=1050166997 mode=competitive maps=[de_dust2] game_type=8 source=gc
2026-09-20T12:47:29.755+04:00  INFO 3832 --- [matchmaking-backend] [           main] dev.csgogc.mm.search.SearchService       : match m-3256810f created: competitive gathering 10 player(s), no server yet
2026-09-20T12:47:29.756+04:00  INFO 3832 --- [matchmaking-backend] [           main] dev.csgogc.mm.search.SearchService       : match m-3256810f: account 1050166997 joined (1/10)
2026-09-20T12:47:29.757+04:00  INFO 3832 --- [matchmaking-backend] [           main] dev.csgogc.mm.search.SearchService       : match m-3256810f: 5 virtual player(s) joined (fake search 11) (6/10)
2026-09-20T12:47:29.766+04:00  INFO 3832 --- [matchmaking-backend] [           main] dev.csgogc.mm.search.SearchService       : match m-3256810f cancelled (nobody is in it any more): 0 player(s) search again
2026-09-20T12:47:29.766+04:00  INFO 3832 --- [matchmaking-backend] [           main] dev.csgogc.mm.search.SearchService       : search cancelled: account=1050166997
]]></system-out>
  </testcase>
  <testcase name="theHoldEndsAfterTheAckTimeoutIfTheServerNeverConfirms" classname="dev.csgogc.mm.BackendDrivenRosterTest" time="0.044">
    <system-out><![CDATA[2026-09-20T12:47:29.782+04:00  INFO 3832 --- [matchmaking-backend] [           main] dev.csgogc.mm.server.GameServerService   : game server added: 192.168.1.150:27017 competitive map='de_dust2' enabled=true state=AVAILABLE
2026-09-20T12:47:29.785+04:00  INFO 3832 --- [matchmaking-backend] [           main] dev.csgogc.mm.search.SearchService       : fake search 12 added: 9 virtual competitive player(s) maps=[] enabled=true
2026-09-20T12:47:29.791+04:00  INFO 3832 --- [matchmaking-backend] [           main] dev.csgogc.mm.search.SearchService       : search started: account=1050166997 mode=competitive maps=[de_dust2] game_type=8 source=gc
2026-09-20T12:47:29.792+04:00  INFO 3832 --- [matchmaking-backend] [           main] dev.csgogc.mm.search.SearchService       : match m-eaa4868f created: competitive gathering 10 player(s), no server yet
2026-09-20T12:47:29.793+04:00  INFO 3832 --- [matchmaking-backend] [           main] dev.csgogc.mm.search.SearchService       : match m-eaa4868f: account 1050166997 joined (1/10)
2026-09-20T12:47:29.795+04:00  INFO 3832 --- [matchmaking-backend] [           main] dev.csgogc.mm.search.SearchService       : match m-eaa4868f: 9 virtual player(s) joined (fake search 12) (10/10)
2026-09-20T12:47:29.796+04:00  INFO 3832 --- [matchmaking-backend] [           main] dev.csgogc.mm.search.SearchService       : match m-eaa4868f is full (10/10, 9 virtual): looking for a free competitive server
2026-09-20T12:47:29.798+04:00  INFO 3832 --- [matchmaking-backend] [           main] dev.csgogc.mm.search.SearchService       : match m-eaa4868f: server 192.168.1.150:27017 map=de_dust2 is RESERVED
2026-09-20T12:47:29.798+04:00  INFO 3832 --- [matchmaking-backend] [           main] dev.csgogc.mm.search.SearchService       : match m-eaa4868f complete (10/10, 9 virtual) on 192.168.1.150:27017: waiting for the game server to arm the roster
2026-09-20T12:47:29.815+04:00  INFO 3832 --- [matchmaking-backend] [           main] dev.csgogc.mm.search.SearchService       : match m-eaa4868f is ACCEPTING: 1 player(s) have until 2026-01-01T12:01:18Z (PT25S)
2026-09-20T12:47:29.815+04:00  INFO 3832 --- [matchmaking-backend] [           main] dev.csgogc.mm.search.SearchService       : match m-eaa4868f: 1 player(s) get 192.168.1.150:27017 (the game server did not confirm within PT25S)
]]></system-out>
  </testcase>
  <testcase name="oneRealAndNineFakePlayersAreOneCompetitiveMatchOfTen" classname="dev.csgogc.mm.BackendDrivenRosterTest" time="0.029">
    <system-out><![CDATA[2026-09-20T12:47:29.825+04:00  INFO 3832 --- [matchmaking-backend] [           main] dev.csgogc.mm.server.GameServerService   : game server added: 192.168.1.150:27017 competitive map='de_dust2' enabled=true state=AVAILABLE
2026-09-20T12:47:29.828+04:00  INFO 3832 --- [matchmaking-backend] [           main] dev.csgogc.mm.search.SearchService       : fake search 13 added: 9 virtual competitive player(s) maps=[de_dust2] enabled=true
2026-09-20T12:47:29.831+04:00  INFO 3832 --- [matchmaking-backend] [           main] dev.csgogc.mm.search.SearchService       : search started: account=1050166997 mode=competitive maps=[de_dust2] game_type=8 source=gc
2026-09-20T12:47:29.832+04:00  INFO 3832 --- [matchmaking-backend] [           main] dev.csgogc.mm.search.SearchService       : match m-660a8abc created: competitive gathering 10 player(s), no server yet
2026-09-20T12:47:29.834+04:00  INFO 3832 --- [matchmaking-backend] [           main] dev.csgogc.mm.search.SearchService       : match m-660a8abc: account 1050166997 joined (1/10)
2026-09-20T12:47:29.835+04:00  INFO 3832 --- [matchmaking-backend] [           main] dev.csgogc.mm.search.SearchService       : match m-660a8abc: 9 virtual player(s) joined (fake search 13) (10/10)
2026-09-20T12:47:29.836+04:00  INFO 3832 --- [matchmaking-backend] [           main] dev.csgogc.mm.search.SearchService       : match m-660a8abc is full (10/10, 9 virtual): looking for a free competitive server
2026-09-20T12:47:29.838+04:00  INFO 3832 --- [matchmaking-backend] [           main] dev.csgogc.mm.search.SearchService       : match m-660a8abc: server 192.168.1.150:27017 map=de_dust2 is RESERVED
2026-09-20T12:47:29.840+04:00  INFO 3832 --- [matchmaking-backend] [           main] dev.csgogc.mm.search.SearchService       : match m-660a8abc is ACCEPTING: 1 player(s) have until 2026-01-01T12:01:18Z (PT25S)
2026-09-20T12:47:29.840+04:00  INFO 3832 --- [matchmaking-backend] [           main] dev.csgogc.mm.search.SearchService       : match m-660a8abc complete (10/10, 9 virtual): WAITING_ACCEPT -> 192.168.1.150:27017 map=de_dust2
]]></system-out>
  </testcase>
  <testcase name="aFakeSearchOfAnIncompatibleModeDoesNotMatch" classname="dev.csgogc.mm.BackendDrivenRosterTest" time="0.025">
    <system-out><![CDATA[2026-09-20T12:47:29.856+04:00  INFO 3832 --- [matchmaking-backend] [           main] dev.csgogc.mm.server.GameServerService   : game server added: 10.0.0.5:27017 competitive map='de_dust2' enabled=true state=AVAILABLE
2026-09-20T12:47:29.859+04:00  INFO 3832 --- [matchmaking-backend] [           main] dev.csgogc.mm.search.SearchService       : fake search 14 added: 3 virtual wingman player(s) maps=[de_dust2] enabled=true
2026-09-20T12:47:29.863+04:00  INFO 3832 --- [matchmaking-backend] [           main] dev.csgogc.mm.search.SearchService       : fake search 15 added: 15 virtual dangerzone player(s) maps=[] enabled=true
2026-09-20T12:47:29.866+04:00  INFO 3832 --- [matchmaking-backend] [           main] dev.csgogc.mm.search.SearchService       : search started: account=1050166997 mode=competitive maps=[de_dust2] game_type=8 source=gc
2026-09-20T12:47:29.867+04:00  INFO 3832 --- [matchmaking-backend] [           main] dev.csgogc.mm.search.SearchService       : match m-b6f5e6b3 created: competitive gathering 10 player(s), no server yet
2026-09-20T12:47:29.868+04:00  INFO 3832 --- [matchmaking-backend] [           main] dev.csgogc.mm.search.SearchService       : match m-b6f5e6b3: account 1050166997 joined (1/10)
]]></system-out>
  </testcase>
  <testcase name="oneRealAndThreeFakePlayersAreOneWingmanMatchOfFour" classname="dev.csgogc.mm.BackendDrivenRosterTest" time="0.031">
    <system-out><![CDATA[2026-09-20T12:47:29.883+04:00  INFO 3832 --- [matchmaking-backend] [           main] dev.csgogc.mm.server.GameServerService   : game server added: 192.168.1.150:27018 wingman map='de_lake' enabled=true state=AVAILABLE
2026-09-20T12:47:29.886+04:00  INFO 3832 --- [matchmaking-backend] [           main] dev.csgogc.mm.search.SearchService       : fake search 16 added: 3 virtual wingman player(s) maps=[de_lake] enabled=true
2026-09-20T12:47:29.891+04:00  INFO 3832 --- [matchmaking-backend] [           main] dev.csgogc.mm.search.SearchService       : search started: account=1050166997 mode=wingman maps=[de_lake] game_type=10 source=gc
2026-09-20T12:47:29.893+04:00  INFO 3832 --- [matchmaking-backend] [           main] dev.csgogc.mm.search.SearchService       : match m-ff46005e created: wingman gathering 4 player(s), no server yet
2026-09-20T12:47:29.894+04:00  INFO 3832 --- [matchmaking-backend] [           main] dev.csgogc.mm.search.SearchService       : match m-ff46005e: account 1050166997 joined (1/4)
2026-09-20T12:47:29.896+04:00  INFO 3832 --- [matchmaking-backend] [           main] dev.csgogc.mm.search.SearchService       : match m-ff46005e: 3 virtual player(s) joined (fake search 16) (4/4)
2026-09-20T12:47:29.897+04:00  INFO 3832 --- [matchmaking-backend] [           main] dev.csgogc.mm.search.SearchService       : match m-ff46005e is full (4/4, 3 virtual): looking for a free wingman server
2026-09-20T12:47:29.898+04:00  INFO 3832 --- [matchmaking-backend] [           main] dev.csgogc.mm.search.SearchService       : match m-ff46005e: server 192.168.1.150:27018 map=de_lake is RESERVED
2026-09-20T12:47:29.901+04:00  INFO 3832 --- [matchmaking-backend] [           main] dev.csgogc.mm.search.SearchService       : match m-ff46005e is ACCEPTING: 1 player(s) have until 2026-01-01T12:01:18Z (PT25S)
2026-09-20T12:47:29.901+04:00  INFO 3832 --- [matchmaking-backend] [           main] dev.csgogc.mm.search.SearchService       : match m-ff46005e complete (4/4, 3 virtual): WAITING_ACCEPT -> 192.168.1.150:27018 map=de_lake
]]></system-out>
  </testcase>
  <testcase name="aFakeSearchWithAnIncompatibleMapDoesNotMatch" classname="dev.csgogc.mm.BackendDrivenRosterTest" time="0.018">
    <system-out><![CDATA[2026-09-20T12:47:29.912+04:00  INFO 3832 --- [matchmaking-backend] [           main] dev.csgogc.mm.server.GameServerService   : game server added: 10.0.0.5:27017 competitive map='de_dust2' enabled=true state=AVAILABLE
2026-09-20T12:47:29.916+04:00  INFO 3832 --- [matchmaking-backend] [           main] dev.csgogc.mm.search.SearchService       : fake search 17 added: 9 virtual competitive player(s) maps=[de_mirage, de_inferno] enabled=true
2026-09-20T12:47:29.918+04:00  INFO 3832 --- [matchmaking-backend] [           main] dev.csgogc.mm.search.SearchService       : search started: account=1050166997 mode=competitive maps=[de_dust2] game_type=8 source=gc
2026-09-20T12:47:29.920+04:00  INFO 3832 --- [matchmaking-backend] [           main] dev.csgogc.mm.search.SearchService       : match m-b18d584e created: competitive gathering 10 player(s), no server yet
2026-09-20T12:47:29.921+04:00  INFO 3832 --- [matchmaking-backend] [           main] dev.csgogc.mm.search.SearchService       : match m-b18d584e: account 1050166997 joined (1/10)
]]></system-out>
  </testcase>
  <testcase name="classicModesAreNeverHeldForAServer" classname="dev.csgogc.mm.BackendDrivenRosterTest" time="0.023">
    <system-out><![CDATA[2026-09-20T12:47:29.932+04:00  INFO 3832 --- [matchmaking-backend] [           main] dev.csgogc.mm.server.GameServerService   : game server added: 192.168.1.150:27016 casual map='de_dust2' enabled=true state=AVAILABLE
2026-09-20T12:47:29.937+04:00  INFO 3832 --- [matchmaking-backend] [           main] dev.csgogc.mm.search.SearchService       : search started: account=1 mode=casual maps=[de_dust2] game_type=7 source=gc
2026-09-20T12:47:29.939+04:00  INFO 3832 --- [matchmaking-backend] [           main] dev.csgogc.mm.search.SearchService       : match m-4f4081ce created: casual on 192.168.1.150:27016 map=de_dust2 needs 1 player(s), server 16 is assigned (classic mode: no reservation)
2026-09-20T12:47:29.942+04:00  INFO 3832 --- [matchmaking-backend] [           main] dev.csgogc.mm.search.SearchService       : match m-4f4081ce complete (1/1): READY_TO_CONNECT -> 192.168.1.150:27016 map=de_dust2
]]></system-out>
  </testcase>
</testsuite>