<?xml version="1.0" encoding="UTF-8"?>
<testsuite xmlns:xsi="http://www.w3.org/2001/XMLSchema-instance" xsi:noNamespaceSchemaLocation="https://maven.apache.org/surefire/maven-surefire-plugin/xsd/surefire-test-report.xsd" version="3.0.2" name="dev.csgogc.mm.MatchmakingIntegrationTest" time="1.005" tests="21" errors="0" skipped="0" failures="0" flakes="0">
  <properties>
[...]
</properties>
  <testcase name="leavingAGatheringMatchKeepsTheOthersInIt" classname="dev.csgogc.mm.MatchmakingIntegrationTest" time="0.062">
    <system-out><![CDATA[2026-09-20T12:47:33.127+04:00  INFO 3832 --- [matchmaking-backend] [           main] .b.t.c.SpringBootTestContextBootstrapper : Found @SpringBootConfiguration dev.csgogc.mm.MatchmakingBackendApplication for test class dev.csgogc.mm.MatchmakingIntegrationTest

  .   ____          _            __ _ _
 /\\ / ___'_ __ _ _(_)_ __  __ _ \ \ \ \
( ( )\___ | '_ | '_| | '_ \/ _` | \ \ \ \
 \\/  ___)| |_)| | | | | || (_| |  ) ) ) )
  '  |____| .__|_| |_|_| |_\__, | / / / /
 =========|_|==============|___/=/_/_/_/

 :: Spring Boot ::               (v3.5.16)

2026-09-20T12:47:33.143+04:00  INFO 3832 --- [matchmaking-backend] [           main] d.csgogc.mm.MatchmakingIntegrationTest   : Starting MatchmakingIntegrationTest using Java 21.0.12.1 with PID 3832 (started by Administrator in D:\csgo2021_gc\java-backend)
2026-09-20T12:47:33.143+04:00  INFO 3832 --- [matchmaking-backend] [           main] d.csgogc.mm.MatchmakingIntegrationTest   : No active profile set, falling back to 1 default profile: "default"
2026-09-20T12:47:33.266+04:00  INFO 3832 --- [matchmaking-backend] [           main] dev.csgogc.mm.config.DatabaseConfig      : SQLite database: C:\Users\ADMINI~1\AppData\Local\Temp\mm-backend-match-test17933869929243399417\mm.db
2026-09-20T12:47:33.266+04:00  INFO 3832 --- [matchmaking-backend] [           main] com.zaxxer.hikari.HikariDataSource       : sqlite - Starting...
2026-09-20T12:47:33.274+04:00  INFO 3832 --- [matchmaking-backend] [           main] com.zaxxer.hikari.pool.HikariPool        : sqlite - Added connection org.sqlite.jdbc4.JDBC4Connection@1268ac94
2026-09-20T12:47:33.274+04:00  INFO 3832 --- [matchmaking-backend] [           main] com.zaxxer.hikari.HikariDataSource       : sqlite - Start completed.
2026-09-20T12:47:33.288+04:00  INFO 3832 --- [matchmaking-backend] [           main] dev.csgogc.mm.config.SchemaInitializer   : database migrated: game_server.state added
2026-09-20T12:47:33.289+04:00  INFO 3832 --- [matchmaking-backend] [           main] dev.csgogc.mm.config.SchemaInitializer   : database migrated: game_server.reserved_match_id added
2026-09-20T12:47:33.290+04:00  INFO 3832 --- [matchmaking-backend] [           main] dev.csgogc.mm.config.SchemaInitializer   : database migrated: game_server.reserved_at added
2026-09-20T12:47:33.291+04:00  INFO 3832 --- [matchmaking-backend] [           main] dev.csgogc.mm.config.SchemaInitializer   : database migrated: game_server.last_assigned_at added
2026-09-20T12:47:33.292+04:00  INFO 3832 --- [matchmaking-backend] [           main] dev.csgogc.mm.config.SchemaInitializer   : database migrated: game_server.last_heartbeat_at added
2026-09-20T12:47:33.293+04:00  INFO 3832 --- [matchmaking-backend] [           main] dev.csgogc.mm.config.SchemaInitializer   : database migrated: game_server.max_players added
2026-09-20T12:47:33.294+04:00  INFO 3832 --- [matchmaking-backend] [           main] dev.csgogc.mm.config.SchemaInitializer   : database migrated: matchmaking_search.match_id added
2026-09-20T12:47:33.295+04:00  INFO 3832 --- [matchmaking-backend] [           main] dev.csgogc.mm.config.SchemaInitializer   : database migrated: matchmaking_search.matched_at added
2026-09-20T12:47:33.295+04:00  INFO 3832 --- [matchmaking-backend] [           main] dev.csgogc.mm.config.SchemaInitializer   : database migrated: matchmaking_search.variants added
2026-09-20T12:47:33.296+04:00  INFO 3832 --- [matchmaking-backend] [           main] dev.csgogc.mm.config.SchemaInitializer   : database migrated: matchmaking_search.accepted_at added
2026-09-20T12:47:33.297+04:00  INFO 3832 --- [matchmaking-backend] [           main] dev.csgogc.mm.config.SchemaInitializer   : database migrated: matchmaking_match.accept_deadline_at added
2026-09-20T12:47:33.299+04:00  INFO 3832 --- [matchmaking-backend] [           main] dev.csgogc.mm.config.SchemaInitializer   : database migrated: matchmaking_match.accepted_at added
2026-09-20T12:47:33.300+04:00  INFO 3832 --- [matchmaking-backend] [           main] dev.csgogc.mm.config.SchemaInitializer   : database migrated: game_server.available_after added
2026-09-20T12:47:33.307+04:00  WARN 3832 --- [matchmaking-backend] [           main] dev.csgogc.mm.config.StartupValidator    : backend.required-players.competitive=2 (retail: 10): matches of this category start with 2 real player(s)
2026-09-20T12:47:33.307+04:00  WARN 3832 --- [matchmaking-backend] [           main] dev.csgogc.mm.config.StartupValidator    : backend.required-players.wingman=4 (retail: 4): matches of this category start with 4 real player(s)
2026-09-20T12:47:33.307+04:00  WARN 3832 --- [matchmaking-backend] [           main] dev.csgogc.mm.config.StartupValidator    : backend.required-players.dangerzone=16 (retail: 16): matches of this category start with 16 real player(s)
2026-09-20T12:47:33.307+04:00  WARN 3832 --- [matchmaking-backend] [           main] dev.csgogc.mm.config.StartupValidator    : HTTP is bound to 192.168.1.150 (not loopback) and served without TLS: admin credentials travel in clear text
2026-09-20T12:47:33.405+04:00  INFO 3832 --- [matchmaking-backend] [           main] r$InitializeUserDetailsManagerConfigurer : Global AuthenticationManager configured with UserDetailsService bean with name adminUser
2026-09-20T12:47:33.438+04:00  INFO 3832 --- [matchmaking-backend] [           main] o.s.b.t.m.w.SpringBootMockServletContext : Initializing Spring TestDispatcherServlet ''
2026-09-20T12:47:33.438+04:00  INFO 3832 --- [matchmaking-backend] [           main] o.s.t.web.servlet.TestDispatcherServlet  : Initializing Servlet ''
2026-09-20T12:47:33.438+04:00  INFO 3832 --- [matchmaking-backend] [           main] o.s.t.web.servlet.TestDispatcherServlet  : Completed initialization in 0 ms
2026-09-20T12:47:33.442+04:00  INFO 3832 --- [matchmaking-backend] [           main] d.csgogc.mm.MatchmakingIntegrationTest   : Started MatchmakingIntegrationTest in 0.313 seconds (process running for 9.728)
2026-09-20T12:47:33.457+04:00  INFO 3832 --- [matchmaking-backend] [           main] dev.csgogc.mm.server.GameServerService   : game server added: 10.0.0.5:27018 wingman map='de_lake' enabled=true state=AVAILABLE
2026-09-20T12:47:33.467+04:00  INFO 3832 --- [matchmaking-backend] [           main] dev.csgogc.mm.search.SearchService       : search started: account=1 mode=wingman maps=[de_lake] game_type=10 source=gc
2026-09-20T12:47:33.468+04:00  INFO 3832 --- [matchmaking-backend] [           main] dev.csgogc.mm.search.SearchService       : match m-5d4928a8 created: wingman gathering 4 player(s), no server yet
2026-09-20T12:47:33.470+04:00  INFO 3832 --- [matchmaking-backend] [           main] dev.csgogc.mm.search.SearchService       : match m-5d4928a8: account 1 joined (1/4)
2026-09-20T12:47:33.475+04:00  INFO 3832 --- [matchmaking-backend] [           main] dev.csgogc.mm.search.SearchService       : search started: account=2 mode=wingman maps=[de_lake] game_type=10 source=gc
2026-09-20T12:47:33.477+04:00  INFO 3832 --- [matchmaking-backend] [           main] dev.csgogc.mm.search.SearchService       : match m-5d4928a8: account 2 joined (2/4)
2026-09-20T12:47:33.486+04:00  INFO 3832 --- [matchmaking-backend] [           main] dev.csgogc.mm.search.SearchService       : search cancelled: account=1
2026-09-20T12:47:33.498+04:00  INFO 3832 --- [matchmaking-backend] [           main] dev.csgogc.mm.search.SearchService       : search started: account=1 mode=wingman maps=[de_lake] game_type=10 source=gc
2026-09-20T12:47:33.500+04:00  INFO 3832 --- [matchmaking-backend] [           main] dev.csgogc.mm.search.SearchService       : match m-5d4928a8: account 1 joined (2/4)
]]></system-out>
  </testcase>
  <testcase name="aPlayerWhoStopsPollingLeavesTheFormingMatchAndTheServerIsFreed" classname="dev.csgogc.mm.MatchmakingIntegrationTest" time="0.044">
    <system-out><![CDATA[2026-09-20T12:47:33.521+04:00  INFO 3832 --- [matchmaking-backend] [           main] dev.csgogc.mm.server.GameServerService   : game server added: 10.0.0.5:27017 competitive map='de_dust2' enabled=true state=AVAILABLE
2026-09-20T12:47:33.523+04:00  INFO 3832 --- [matchmaking-backend] [           main] dev.csgogc.mm.search.SearchService       : search started: account=1 mode=competitive maps=[de_dust2] game_type=8 source=gc
2026-09-20T12:47:33.525+04:00  INFO 3832 --- [matchmaking-backend] [           main] dev.csgogc.mm.search.SearchService       : match m-761c5490 created: competitive gathering 2 player(s), no server yet
2026-09-20T12:47:33.533+04:00  INFO 3832 --- [matchmaking-backend] [           main] dev.csgogc.mm.search.SearchService       : match m-761c5490: account 1 joined (1/2)
2026-09-20T12:47:33.540+04:00  INFO 3832 --- [matchmaking-backend] [           main] dev.csgogc.mm.search.SearchService       : match m-761c5490 cancelled (nobody is in it any more): 0 player(s) search again
2026-09-20T12:47:33.540+04:00  INFO 3832 --- [matchmaking-backend] [           main] dev.csgogc.mm.search.SearchService       : search of account 1 expired after PT5M
2026-09-20T12:47:33.547+04:00  INFO 3832 --- [matchmaking-backend] [           main] dev.csgogc.mm.search.SearchService       : search started: account=2 mode=competitive maps=[de_dust2] game_type=8 source=gc
2026-09-20T12:47:33.548+04:00  INFO 3832 --- [matchmaking-backend] [           main] dev.csgogc.mm.search.SearchService       : match m-fd5f1b9b created: competitive gathering 2 player(s), no server yet
2026-09-20T12:47:33.549+04:00  INFO 3832 --- [matchmaking-backend] [           main] dev.csgogc.mm.search.SearchService       : match m-fd5f1b9b: account 2 joined (1/2)
]]></system-out>
  </testcase>
  <testcase name="twoServersServeTwoSearchesAndTheLeastRecentlyUsedGoesFirst" classname="dev.csgogc.mm.MatchmakingIntegrationTest" time="0.037">
    <system-out><![CDATA[2026-09-20T12:47:33.558+04:00  INFO 3832 --- [matchmaking-backend] [           main] dev.csgogc.mm.server.GameServerService   : game server added: 10.0.0.5:27015 casual map='de_dust2' enabled=true state=AVAILABLE
2026-09-20T12:47:33.562+04:00  INFO 3832 --- [matchmaking-backend] [           main] dev.csgogc.mm.server.GameServerService   : game server added: 10.0.0.5:27016 casual map='de_dust2' enabled=true state=AVAILABLE
2026-09-20T12:47:33.564+04:00  INFO 3832 --- [matchmaking-backend] [           main] dev.csgogc.mm.search.SearchService       : search started: account=1 mode=casual maps=[de_dust2] game_type=7 source=gc
2026-09-20T12:47:33.566+04:00  INFO 3832 --- [matchmaking-backend] [           main] dev.csgogc.mm.search.SearchService       : match m-6639082c created: casual on 10.0.0.5:27015 map=de_dust2 needs 1 player(s), server 3 is assigned (classic mode: no reservation)
2026-09-20T12:47:33.568+04:00  INFO 3832 --- [matchmaking-backend] [           main] dev.csgogc.mm.search.SearchService       : match m-6639082c complete (1/1): READY_TO_CONNECT -> 10.0.0.5:27015 map=de_dust2
2026-09-20T12:47:33.572+04:00  INFO 3832 --- [matchmaking-backend] [           main] dev.csgogc.mm.search.SearchService       : search started: account=2 mode=casual maps=[de_dust2] game_type=7 source=gc
2026-09-20T12:47:33.574+04:00  INFO 3832 --- [matchmaking-backend] [           main] dev.csgogc.mm.search.SearchService       : match m-d15640d7 created: casual on 10.0.0.5:27016 map=de_dust2 needs 1 player(s), server 4 is assigned (classic mode: no reservation)
2026-09-20T12:47:33.579+04:00  INFO 3832 --- [matchmaking-backend] [           main] dev.csgogc.mm.search.SearchService       : match m-d15640d7 complete (1/1): READY_TO_CONNECT -> 10.0.0.5:27016 map=de_dust2
2026-09-20T12:47:33.582+04:00  INFO 3832 --- [matchmaking-backend] [           main] dev.csgogc.mm.search.SearchService       : search started: account=3 mode=casual maps=[de_dust2] game_type=7 source=gc
2026-09-20T12:47:33.584+04:00  INFO 3832 --- [matchmaking-backend] [           main] dev.csgogc.mm.search.SearchService       : match m-4970781b created: casual on 10.0.0.5:27015 map=de_dust2 needs 1 player(s), server 3 is assigned (classic mode: no reservation)
2026-09-20T12:47:33.587+04:00  INFO 3832 --- [matchmaking-backend] [           main] dev.csgogc.mm.search.SearchService       : match m-4970781b complete (1/1): READY_TO_CONNECT -> 10.0.0.5:27015 map=de_dust2
]]></system-out>
  </testcase>
  <testcase name="searchWaitsWithoutAServerAndGetsOneWhenItAppears" classname="dev.csgogc.mm.MatchmakingIntegrationTest" time="0.018">
    <system-out><![CDATA[2026-09-20T12:47:33.594+04:00  INFO 3832 --- [matchmaking-backend] [           main] dev.csgogc.mm.search.SearchService       : search started: account=1 mode=casual maps=[de_dust2] game_type=7 source=gc
2026-09-20T12:47:33.599+04:00  INFO 3832 --- [matchmaking-backend] [           main] dev.csgogc.mm.server.GameServerService   : game server added: 10.0.0.5:27015 casual map='de_dust2' enabled=true state=AVAILABLE
2026-09-20T12:47:33.601+04:00  INFO 3832 --- [matchmaking-backend] [           main] dev.csgogc.mm.search.SearchService       : match m-8264878c created: casual on 10.0.0.5:27015 map=de_dust2 needs 1 player(s), server 5 is assigned (classic mode: no reservation)
2026-09-20T12:47:33.604+04:00  INFO 3832 --- [matchmaking-backend] [           main] dev.csgogc.mm.search.SearchService       : match m-8264878c complete (1/1): READY_TO_CONNECT -> 10.0.0.5:27015 map=de_dust2
]]></system-out>
  </testcase>
  <testcase name="cancellingAClassicSearchNeverChangesTheServerState" classname="dev.csgogc.mm.MatchmakingIntegrationTest" time="0.028">
    <system-out><![CDATA[2026-09-20T12:47:33.614+04:00  INFO 3832 --- [matchmaking-backend] [           main] dev.csgogc.mm.server.GameServerService   : game server added: 10.0.0.5:27015 casual map='de_dust2' enabled=true state=AVAILABLE
2026-09-20T12:47:33.616+04:00  INFO 3832 --- [matchmaking-backend] [           main] dev.csgogc.mm.search.SearchService       : search started: account=1 mode=casual maps=[de_dust2] game_type=7 source=gc
2026-09-20T12:47:33.618+04:00  INFO 3832 --- [matchmaking-backend] [           main] dev.csgogc.mm.search.SearchService       : match m-8de7031f created: casual on 10.0.0.5:27015 map=de_dust2 needs 1 player(s), server 6 is assigned (classic mode: no reservation)
2026-09-20T12:47:33.620+04:00  INFO 3832 --- [matchmaking-backend] [           main] dev.csgogc.mm.search.SearchService       : match m-8de7031f complete (1/1): READY_TO_CONNECT -> 10.0.0.5:27015 map=de_dust2
2026-09-20T12:47:33.624+04:00  INFO 3832 --- [matchmaking-backend] [           main] dev.csgogc.mm.search.SearchService       : search started: account=2 mode=casual maps=[de_dust2] game_type=7 source=gc
2026-09-20T12:47:33.625+04:00  INFO 3832 --- [matchmaking-backend] [           main] dev.csgogc.mm.search.SearchService       : match m-787305f2 created: casual on 10.0.0.5:27015 map=de_dust2 needs 1 player(s), server 6 is assigned (classic mode: no reservation)
2026-09-20T12:47:33.627+04:00  INFO 3832 --- [matchmaking-backend] [           main] dev.csgogc.mm.search.SearchService       : match m-787305f2 complete (1/1): READY_TO_CONNECT -> 10.0.0.5:27015 map=de_dust2
2026-09-20T12:47:33.630+04:00  INFO 3832 --- [matchmaking-backend] [           main] dev.csgogc.mm.search.SearchService       : search cancelled: account=2
2026-09-20T12:47:33.634+04:00  INFO 3832 --- [matchmaking-backend] [           main] dev.csgogc.mm.search.SearchService       : search cancelled: account=1
]]></system-out>
  </testcase>
  <testcase name="editingAServerNeverChangesItsState" classname="dev.csgogc.mm.MatchmakingIntegrationTest" time="0.025">
    <system-out><![CDATA[2026-09-20T12:47:33.643+04:00  INFO 3832 --- [matchmaking-backend] [           main] dev.csgogc.mm.server.GameServerService   : game server added: 10.0.0.5:27017 competitive map='de_dust2' enabled=true state=AVAILABLE
2026-09-20T12:47:33.645+04:00  INFO 3832 --- [matchmaking-backend] [           main] dev.csgogc.mm.search.SearchService       : search started: account=1 mode=competitive maps=[de_dust2] game_type=8 source=gc
2026-09-20T12:47:33.647+04:00  INFO 3832 --- [matchmaking-backend] [           main] dev.csgogc.mm.search.SearchService       : match m-4b553350 created: competitive gathering 2 player(s), no server yet
2026-09-20T12:47:33.648+04:00  INFO 3832 --- [matchmaking-backend] [           main] dev.csgogc.mm.search.SearchService       : match m-4b553350: account 1 joined (1/2)
2026-09-20T12:47:33.651+04:00  INFO 3832 --- [matchmaking-backend] [           main] dev.csgogc.mm.search.SearchService       : search started: account=2 mode=competitive maps=[de_dust2] game_type=8 source=gc
2026-09-20T12:47:33.653+04:00  INFO 3832 --- [matchmaking-backend] [           main] dev.csgogc.mm.search.SearchService       : match m-4b553350 is full (2/2, 0 virtual): looking for a free competitive server
2026-09-20T12:47:33.654+04:00  INFO 3832 --- [matchmaking-backend] [           main] dev.csgogc.mm.search.SearchService       : match m-4b553350: server 10.0.0.5:27017 map=de_dust2 is RESERVED
2026-09-20T12:47:33.657+04:00  INFO 3832 --- [matchmaking-backend] [           main] dev.csgogc.mm.search.SearchService       : match m-4b553350 is ACCEPTING: 2 player(s) have until 2026-01-01T12:06:25Z (PT25S)
2026-09-20T12:47:33.657+04:00  INFO 3832 --- [matchmaking-backend] [           main] dev.csgogc.mm.search.SearchService       : match m-4b553350 complete (2/2, 0 virtual): WAITING_ACCEPT -> 10.0.0.5:27017 map=de_dust2
2026-09-20T12:47:33.661+04:00  INFO 3832 --- [matchmaking-backend] [           main] dev.csgogc.mm.server.GameServerService   : game server 7 updated: 10.0.0.5:27017 competitive map='de_mirage' enabled=true
]]></system-out>
  </testcase>
  <testcase name="aHostnameOfTheRegistryIsResolvedToAnIpv4ForTheClient" classname="dev.csgogc.mm.MatchmakingIntegrationTest" time="0.022">
    <system-out><![CDATA[2026-09-20T12:47:33.670+04:00  INFO 3832 --- [matchmaking-backend] [           main] dev.csgogc.mm.server.GameServerService   : game server added: localhost:27015 casual map='de_dust2' enabled=true state=AVAILABLE
2026-09-20T12:47:33.672+04:00  INFO 3832 --- [matchmaking-backend] [           main] dev.csgogc.mm.search.SearchService       : search started: account=1 mode=casual maps=[de_dust2] game_type=7 source=gc
2026-09-20T12:47:33.679+04:00  INFO 3832 --- [matchmaking-backend] [           main] dev.csgogc.mm.search.SearchService       : match m-9bf79c6f created: casual on 127.0.0.1:27015 map=de_dust2 needs 1 player(s), server 8 is assigned (classic mode: no reservation)
2026-09-20T12:47:33.683+04:00  INFO 3832 --- [matchmaking-backend] [           main] dev.csgogc.mm.search.SearchService       : match m-9bf79c6f complete (1/1): READY_TO_CONNECT -> 127.0.0.1:27015 map=de_dust2
]]></system-out>
  </testcase>
  <testcase name="competitiveGathersPlayersFirstAndOnlyAFullMatchReservesAServer" classname="dev.csgogc.mm.MatchmakingIntegrationTest" time="0.047">
    <system-out><![CDATA[2026-09-20T12:47:33.692+04:00  INFO 3832 --- [matchmaking-backend] [           main] dev.csgogc.mm.server.GameServerService   : game server added: 10.0.0.5:27017 competitive map='de_dust2' enabled=true state=AVAILABLE
2026-09-20T12:47:33.694+04:00  INFO 3832 --- [matchmaking-backend] [           main] dev.csgogc.mm.server.GameServerService   : game server added: 10.0.0.5:27018 competitive map='de_mirage' enabled=true state=AVAILABLE
2026-09-20T12:47:33.696+04:00  INFO 3832 --- [matchmaking-backend] [           main] dev.csgogc.mm.search.SearchService       : search started: account=1 mode=competitive maps=[de_dust2] game_type=8 source=gc
2026-09-20T12:47:33.697+04:00  INFO 3832 --- [matchmaking-backend] [           main] dev.csgogc.mm.search.SearchService       : match m-5f94a3e9 created: competitive gathering 2 player(s), no server yet
2026-09-20T12:47:33.698+04:00  INFO 3832 --- [matchmaking-backend] [           main] dev.csgogc.mm.search.SearchService       : match m-5f94a3e9: account 1 joined (1/2)
2026-09-20T12:47:33.703+04:00  INFO 3832 --- [matchmaking-backend] [           main] dev.csgogc.mm.search.SearchService       : search started: account=3 mode=competitive maps=[de_mirage] game_type=8 source=gc
2026-09-20T12:47:33.705+04:00  INFO 3832 --- [matchmaking-backend] [           main] dev.csgogc.mm.search.SearchService       : match m-ef0bfcbd created: competitive gathering 2 player(s), no server yet
2026-09-20T12:47:33.705+04:00  INFO 3832 --- [matchmaking-backend] [           main] dev.csgogc.mm.search.SearchService       : match m-ef0bfcbd: account 3 joined (1/2)
2026-09-20T12:47:33.710+04:00  INFO 3832 --- [matchmaking-backend] [           main] dev.csgogc.mm.search.SearchService       : search started: account=2 mode=competitive maps=[de_dust2, de_inferno] game_type=8 source=gc
2026-09-20T12:47:33.712+04:00  INFO 3832 --- [matchmaking-backend] [           main] dev.csgogc.mm.search.SearchService       : match m-5f94a3e9 is full (2/2, 0 virtual): looking for a free competitive server
2026-09-20T12:47:33.713+04:00  INFO 3832 --- [matchmaking-backend] [           main] dev.csgogc.mm.search.SearchService       : match m-5f94a3e9: server 10.0.0.5:27017 map=de_dust2 is RESERVED
2026-09-20T12:47:33.716+04:00  INFO 3832 --- [matchmaking-backend] [           main] dev.csgogc.mm.search.SearchService       : match m-5f94a3e9 is ACCEPTING: 2 player(s) have until 2026-01-01T12:06:25Z (PT25S)
2026-09-20T12:47:33.716+04:00  INFO 3832 --- [matchmaking-backend] [           main] dev.csgogc.mm.search.SearchService       : match m-5f94a3e9 complete (2/2, 0 virtual): WAITING_ACCEPT -> 10.0.0.5:27017 map=de_dust2
2026-09-20T12:47:33.722+04:00  INFO 3832 --- [matchmaking-backend] [           main] dev.csgogc.mm.search.SearchService       : search started: account=4 mode=competitive maps=[de_dust2] game_type=8 source=gc
2026-09-20T12:47:33.724+04:00  INFO 3832 --- [matchmaking-backend] [           main] dev.csgogc.mm.search.SearchService       : match m-bbd4e86e created: competitive gathering 2 player(s), no server yet
2026-09-20T12:47:33.725+04:00  INFO 3832 --- [matchmaking-backend] [           main] dev.csgogc.mm.search.SearchService       : match m-bbd4e86e: account 4 joined (1/2)
2026-09-20T12:47:33.726+04:00  INFO 3832 --- [matchmaking-backend] [           main] dev.csgogc.mm.search.SearchService       : search started: account=5 mode=competitive maps=[de_dust2] game_type=8 source=gc
2026-09-20T12:47:33.729+04:00  INFO 3832 --- [matchmaking-backend] [           main] dev.csgogc.mm.search.SearchService       : match m-bbd4e86e is full (2/2, 0 virtual): looking for a free competitive server
2026-09-20T12:47:33.729+04:00  INFO 3832 --- [matchmaking-backend] [           main] dev.csgogc.mm.search.SearchService       : match m-bbd4e86e is full but no free competitive server runs one of [de_dust2]: it waits for one
]]></system-out>
  </testcase>
  <testcase name="disabledAndBusyServersAreNotUsed" classname="dev.csgogc.mm.MatchmakingIntegrationTest" time="0.048">
    <system-out><![CDATA[2026-09-20T12:47:33.738+04:00  INFO 3832 --- [matchmaking-backend] [           main] dev.csgogc.mm.server.GameServerService   : game server added: 10.0.0.5:27015 casual map='de_dust2' enabled=false state=AVAILABLE
2026-09-20T12:47:33.741+04:00  INFO 3832 --- [matchmaking-backend] [           main] dev.csgogc.mm.server.GameServerService   : game server added: 10.0.0.5:27016 casual map='de_dust2' enabled=true state=BUSY
2026-09-20T12:47:33.744+04:00  INFO 3832 --- [matchmaking-backend] [           main] dev.csgogc.mm.search.SearchService       : search started: account=1 mode=casual maps=[de_dust2] game_type=7 source=gc
2026-09-20T12:47:33.749+04:00  INFO 3832 --- [matchmaking-backend] [           main] dev.csgogc.mm.server.GameServerService   : game server 11 enabled
2026-09-20T12:47:33.752+04:00  INFO 3832 --- [matchmaking-backend] [           main] dev.csgogc.mm.search.SearchService       : match m-5e0b8fbf created: casual on 10.0.0.5:27015 map=de_dust2 needs 1 player(s), server 11 is assigned (classic mode: no reservation)
2026-09-20T12:47:33.754+04:00  INFO 3832 --- [matchmaking-backend] [           main] dev.csgogc.mm.search.SearchService       : match m-5e0b8fbf complete (1/1): READY_TO_CONNECT -> 10.0.0.5:27015 map=de_dust2
2026-09-20T12:47:33.759+04:00  INFO 3832 --- [matchmaking-backend] [           main] dev.csgogc.mm.search.SearchService       : search started: account=2 mode=casual maps=[de_dust2] game_type=7 source=gc
2026-09-20T12:47:33.760+04:00  INFO 3832 --- [matchmaking-backend] [           main] dev.csgogc.mm.search.SearchService       : match m-8a300436 created: casual on 10.0.0.5:27015 map=de_dust2 needs 1 player(s), server 11 is assigned (classic mode: no reservation)
2026-09-20T12:47:33.763+04:00  INFO 3832 --- [matchmaking-backend] [           main] dev.csgogc.mm.search.SearchService       : match m-8a300436 complete (1/1): READY_TO_CONNECT -> 10.0.0.5:27015 map=de_dust2
2026-09-20T12:47:33.767+04:00  INFO 3832 --- [matchmaking-backend] [           main] dev.csgogc.mm.server.GameServerService   : game server 10.0.0.5:27016 set to AVAILABLE (was BUSY)
2026-09-20T12:47:33.769+04:00  INFO 3832 --- [matchmaking-backend] [           main] dev.csgogc.mm.search.SearchService       : search started: account=3 mode=casual maps=[de_dust2] game_type=7 source=gc
2026-09-20T12:47:33.771+04:00  INFO 3832 --- [matchmaking-backend] [           main] dev.csgogc.mm.search.SearchService       : match m-99185252 created: casual on 10.0.0.5:27016 map=de_dust2 needs 1 player(s), server 12 is assigned (classic mode: no reservation)
2026-09-20T12:47:33.775+04:00  INFO 3832 --- [matchmaking-backend] [           main] dev.csgogc.mm.search.SearchService       : match m-99185252 complete (1/1): READY_TO_CONNECT -> 10.0.0.5:27016 map=de_dust2
]]></system-out>
  </testcase>
  <testcase name="pollingKeepsASearchAliveAndUnknownRequestIdsAre404" classname="dev.csgogc.mm.MatchmakingIntegrationTest" time="0.028">
    <system-out><![CDATA[2026-09-20T12:47:33.790+04:00  INFO 3832 --- [matchmaking-backend] [           main] dev.csgogc.mm.search.SearchService       : search started: account=1 mode=casual maps=[de_dust2] game_type=7 source=gc
2026-09-20T12:47:33.793+04:00  INFO 3832 --- [matchmaking-backend] [           main] dev.csgogc.mm.search.SearchService       : search started: account=2 mode=casual maps=[de_dust2] game_type=7 source=gc
2026-09-20T12:47:33.801+04:00  INFO 3832 --- [matchmaking-backend] [           main] dev.csgogc.mm.search.SearchService       : search of account 2 expired after PT5M
]]></system-out>
  </testcase>
  <testcase name="aSearchWithoutMapsFitsAnyServerButAServerWithoutMapFitsOnlyThat" classname="dev.csgogc.mm.MatchmakingIntegrationTest" time="0.017">
    <system-out><![CDATA[2026-09-20T12:47:33.815+04:00  INFO 3832 --- [matchmaking-backend] [           main] dev.csgogc.mm.server.GameServerService   : game server added: 10.0.0.5:27015 casual map='' enabled=true state=AVAILABLE
2026-09-20T12:47:33.818+04:00  INFO 3832 --- [matchmaking-backend] [           main] dev.csgogc.mm.search.SearchService       : search started: account=1 mode=casual maps=[de_dust2] game_type=7 source=gc
2026-09-20T12:47:33.820+04:00  INFO 3832 --- [matchmaking-backend] [           main] dev.csgogc.mm.search.SearchService       : search started: account=2 mode=casual maps=[] game_type=7 source=gc
2026-09-20T12:47:33.823+04:00  INFO 3832 --- [matchmaking-backend] [           main] dev.csgogc.mm.search.SearchService       : match m-797d6801 created: casual on 10.0.0.5:27015 map= needs 1 player(s), server 13 is assigned (classic mode: no reservation)
2026-09-20T12:47:33.825+04:00  INFO 3832 --- [matchmaking-backend] [           main] dev.csgogc.mm.search.SearchService       : match m-797d6801 complete (1/1): READY_TO_CONNECT -> 10.0.0.5:27015 map=
]]></system-out>
  </testcase>
  <testcase name="aFormingMatchFallsApartWhenItsOnlyPlayerCancelsAndTheServerIsFreed" classname="dev.csgogc.mm.MatchmakingIntegrationTest" time="0.022">
    <system-out><![CDATA[2026-09-20T12:47:33.834+04:00  INFO 3832 --- [matchmaking-backend] [           main] dev.csgogc.mm.server.GameServerService   : game server added: 10.0.0.5:27017 competitive map='de_dust2' enabled=true state=AVAILABLE
2026-09-20T12:47:33.836+04:00  INFO 3832 --- [matchmaking-backend] [           main] dev.csgogc.mm.search.SearchService       : search started: account=1 mode=competitive maps=[de_dust2] game_type=8 source=gc
2026-09-20T12:47:33.837+04:00  INFO 3832 --- [matchmaking-backend] [           main] dev.csgogc.mm.search.SearchService       : match m-191c62af created: competitive gathering 2 player(s), no server yet
2026-09-20T12:47:33.838+04:00  INFO 3832 --- [matchmaking-backend] [           main] dev.csgogc.mm.search.SearchService       : match m-191c62af: account 1 joined (1/2)
2026-09-20T12:47:33.842+04:00  INFO 3832 --- [matchmaking-backend] [           main] dev.csgogc.mm.search.SearchService       : match m-191c62af cancelled (nobody is in it any more): 0 player(s) search again
2026-09-20T12:47:33.843+04:00  INFO 3832 --- [matchmaking-backend] [           main] dev.csgogc.mm.search.SearchService       : search cancelled: account=1
]]></system-out>
  </testcase>
  <testcase name="serverMapMustBeOneOfTheSelectedMaps" classname="dev.csgogc.mm.MatchmakingIntegrationTest" time="0.018">
    <system-out><![CDATA[2026-09-20T12:47:33.856+04:00  INFO 3832 --- [matchmaking-backend] [           main] dev.csgogc.mm.server.GameServerService   : game server added: 10.0.0.5:27015 casual map='de_inferno' enabled=true state=AVAILABLE
2026-09-20T12:47:33.859+04:00  INFO 3832 --- [matchmaking-backend] [           main] dev.csgogc.mm.search.SearchService       : search started: account=1 mode=casual maps=[de_dust2, de_mirage] game_type=7 source=gc
2026-09-20T12:47:33.862+04:00  INFO 3832 --- [matchmaking-backend] [           main] dev.csgogc.mm.search.SearchService       : search started: account=2 mode=casual maps=[de_mirage, de_inferno] game_type=7 source=gc
2026-09-20T12:47:33.864+04:00  INFO 3832 --- [matchmaking-backend] [           main] dev.csgogc.mm.search.SearchService       : match m-a9f321b9 created: casual on 10.0.0.5:27015 map=de_inferno needs 1 player(s), server 15 is assigned (classic mode: no reservation)
2026-09-20T12:47:33.867+04:00  INFO 3832 --- [matchmaking-backend] [           main] dev.csgogc.mm.search.SearchService       : match m-a9f321b9 complete (1/1): READY_TO_CONNECT -> 10.0.0.5:27015 map=de_inferno
]]></system-out>
  </testcase>
  <testcase name="aClassicPlayerWhoSearchesAgainSimplyGetsAServerAgain" classname="dev.csgogc.mm.MatchmakingIntegrationTest" time="0.045">
    <system-out><![CDATA[2026-09-20T12:47:33.874+04:00  INFO 3832 --- [matchmaking-backend] [           main] dev.csgogc.mm.server.GameServerService   : game server added: 10.0.0.5:27015 casual map='de_dust2' enabled=true state=AVAILABLE
2026-09-20T12:47:33.877+04:00  INFO 3832 --- [matchmaking-backend] [           main] dev.csgogc.mm.search.SearchService       : search started: account=1 mode=casual maps=[de_dust2] game_type=7 source=gc
2026-09-20T12:47:33.879+04:00  INFO 3832 --- [matchmaking-backend] [           main] dev.csgogc.mm.search.SearchService       : match m-fb7fa3b7 created: casual on 10.0.0.5:27015 map=de_dust2 needs 1 player(s), server 16 is assigned (classic mode: no reservation)
2026-09-20T12:47:33.882+04:00  INFO 3832 --- [matchmaking-backend] [           main] dev.csgogc.mm.search.SearchService       : match m-fb7fa3b7 complete (1/1): READY_TO_CONNECT -> 10.0.0.5:27015 map=de_dust2
2026-09-20T12:47:33.884+04:00  INFO 3832 --- [matchmaking-backend] [           main] dev.csgogc.mm.search.SearchService       : search cancelled: account=1
2026-09-20T12:47:33.887+04:00  INFO 3832 --- [matchmaking-backend] [           main] dev.csgogc.mm.search.SearchService       : match m-fb7fa3b7 ended: account 1 started a new search, server 10.0.0.5:27015 is AVAILABLE again
2026-09-20T12:47:33.888+04:00  INFO 3832 --- [matchmaking-backend] [           main] dev.csgogc.mm.search.SearchService       : search started: account=1 mode=casual maps=[de_dust2] game_type=7 source=gc
2026-09-20T12:47:33.888+04:00  INFO 3832 --- [matchmaking-backend] [           main] dev.csgogc.mm.search.SearchService       : match m-3a405bb3 created: casual on 10.0.0.5:27015 map=de_dust2 needs 1 player(s), server 16 is assigned (classic mode: no reservation)
2026-09-20T12:47:33.893+04:00  INFO 3832 --- [matchmaking-backend] [           main] dev.csgogc.mm.search.SearchService       : match m-3a405bb3 complete (1/1): READY_TO_CONNECT -> 10.0.0.5:27015 map=de_dust2
2026-09-20T12:47:33.900+04:00  INFO 3832 --- [matchmaking-backend] [           main] dev.csgogc.mm.search.SearchService       : match m-3a405bb3 ended: account 1 started a new search, server 10.0.0.5:27015 is AVAILABLE again
2026-09-20T12:47:33.901+04:00  INFO 3832 --- [matchmaking-backend] [           main] dev.csgogc.mm.search.SearchService       : search replaced: account=1 casual -> casual maps=[de_dust2]
2026-09-20T12:47:33.902+04:00  INFO 3832 --- [matchmaking-backend] [           main] dev.csgogc.mm.search.SearchService       : match m-502240c8 created: casual on 10.0.0.5:27015 map=de_dust2 needs 1 player(s), server 16 is assigned (classic mode: no reservation)
2026-09-20T12:47:33.905+04:00  INFO 3832 --- [matchmaking-backend] [           main] dev.csgogc.mm.search.SearchService       : match m-502240c8 complete (1/1): READY_TO_CONNECT -> 10.0.0.5:27015 map=de_dust2
2026-09-20T12:47:33.908+04:00  INFO 3832 --- [matchmaking-backend] [           main] dev.csgogc.mm.search.SearchService       : search started: account=2 mode=casual maps=[de_dust2] game_type=7 source=gc
2026-09-20T12:47:33.909+04:00  INFO 3832 --- [matchmaking-backend] [           main] dev.csgogc.mm.search.SearchService       : match m-81ea5dd1 created: casual on 10.0.0.5:27015 map=de_dust2 needs 1 player(s), server 16 is assigned (classic mode: no reservation)
2026-09-20T12:47:33.912+04:00  INFO 3832 --- [matchmaking-backend] [           main] dev.csgogc.mm.search.SearchService       : match m-81ea5dd1 complete (1/1): READY_TO_CONNECT -> 10.0.0.5:27015 map=de_dust2
]]></system-out>
  </testcase>
  <testcase name="modeMustMatch" classname="dev.csgogc.mm.MatchmakingIntegrationTest" time="0.019">
    <system-out><![CDATA[2026-09-20T12:47:33.919+04:00  INFO 3832 --- [matchmaking-backend] [           main] dev.csgogc.mm.server.GameServerService   : game server added: 10.0.0.5:27015 wingman map='de_dust2' enabled=true state=AVAILABLE
2026-09-20T12:47:33.922+04:00  INFO 3832 --- [matchmaking-backend] [           main] dev.csgogc.mm.server.GameServerService   : game server added: 10.0.0.5:27016 deathmatch map='de_dust2' enabled=true state=AVAILABLE
2026-09-20T12:47:33.924+04:00  INFO 3832 --- [matchmaking-backend] [           main] dev.csgogc.mm.search.SearchService       : search started: account=1 mode=casual maps=[de_dust2] game_type=7 source=gc
2026-09-20T12:47:33.926+04:00  INFO 3832 --- [matchmaking-backend] [           main] dev.csgogc.mm.search.SearchService       : search started: account=2 mode=deathmatch maps=[de_dust2] game_type=6 source=gc
2026-09-20T12:47:33.929+04:00  INFO 3832 --- [matchmaking-backend] [           main] dev.csgogc.mm.search.SearchService       : match m-1abb1ad9 created: deathmatch on 10.0.0.5:27016 map=de_dust2 needs 1 player(s), server 18 is assigned (classic mode: no reservation)
2026-09-20T12:47:33.932+04:00  INFO 3832 --- [matchmaking-backend] [           main] dev.csgogc.mm.search.SearchService       : match m-1abb1ad9 complete (1/1): READY_TO_CONNECT -> 10.0.0.5:27016 map=de_dust2
]]></system-out>
  </testcase>
  <testcase name="aClassicServerIsNotExclusiveSeveralPlayersAreSentToIt" classname="dev.csgogc.mm.MatchmakingIntegrationTest" time="0.026">
    <system-out><![CDATA[2026-09-20T12:47:33.940+04:00  INFO 3832 --- [matchmaking-backend] [           main] dev.csgogc.mm.server.GameServerService   : game server added: 10.0.0.5:27015 casual map='de_dust2' enabled=true state=AVAILABLE
2026-09-20T12:47:33.942+04:00  INFO 3832 --- [matchmaking-backend] [           main] dev.csgogc.mm.search.SearchService       : search started: account=1 mode=casual maps=[de_dust2] game_type=7 source=gc
2026-09-20T12:47:33.944+04:00  INFO 3832 --- [matchmaking-backend] [           main] dev.csgogc.mm.search.SearchService       : match m-03135650 created: casual on 10.0.0.5:27015 map=de_dust2 needs 1 player(s), server 19 is assigned (classic mode: no reservation)
2026-09-20T12:47:33.947+04:00  INFO 3832 --- [matchmaking-backend] [           main] dev.csgogc.mm.search.SearchService       : match m-03135650 complete (1/1): READY_TO_CONNECT -> 10.0.0.5:27015 map=de_dust2
2026-09-20T12:47:33.949+04:00  INFO 3832 --- [matchmaking-backend] [           main] dev.csgogc.mm.search.SearchService       : search started: account=2 mode=casual maps=[de_dust2] game_type=7 source=gc
2026-09-20T12:47:33.950+04:00  INFO 3832 --- [matchmaking-backend] [           main] dev.csgogc.mm.search.SearchService       : match m-5e78bd3c created: casual on 10.0.0.5:27015 map=de_dust2 needs 1 player(s), server 19 is assigned (classic mode: no reservation)
2026-09-20T12:47:33.952+04:00  INFO 3832 --- [matchmaking-backend] [           main] dev.csgogc.mm.search.SearchService       : match m-5e78bd3c complete (1/1): READY_TO_CONNECT -> 10.0.0.5:27015 map=de_dust2
2026-09-20T12:47:33.956+04:00  INFO 3832 --- [matchmaking-backend] [           main] dev.csgogc.mm.server.GameServerService   : game server 10.0.0.5:27015 set to BUSY (was AVAILABLE)
2026-09-20T12:47:33.958+04:00  INFO 3832 --- [matchmaking-backend] [           main] dev.csgogc.mm.search.SearchService       : search started: account=3 mode=casual maps=[de_dust2] game_type=7 source=gc
]]></system-out>
  </testcase>
  <testcase name="wingmanNeedsFourAndDangerZoneSixteenByDefault" classname="dev.csgogc.mm.MatchmakingIntegrationTest" time="0.037">
    <system-out><![CDATA[2026-09-20T12:47:33.966+04:00  INFO 3832 --- [matchmaking-backend] [           main] dev.csgogc.mm.server.GameServerService   : game server added: 10.0.0.5:27018 wingman map='de_lake' enabled=true state=AVAILABLE
2026-09-20T12:47:33.968+04:00  INFO 3832 --- [matchmaking-backend] [           main] dev.csgogc.mm.server.GameServerService   : game server added: 10.0.0.5:27019 dangerzone map='dz_blacksite' enabled=true state=AVAILABLE
2026-09-20T12:47:33.970+04:00  INFO 3832 --- [matchmaking-backend] [           main] dev.csgogc.mm.search.SearchService       : search started: account=1 mode=wingman maps=[de_lake] game_type=10 source=gc
2026-09-20T12:47:33.971+04:00  INFO 3832 --- [matchmaking-backend] [           main] dev.csgogc.mm.search.SearchService       : match m-4fa3c5cb created: wingman gathering 4 player(s), no server yet
2026-09-20T12:47:33.972+04:00  INFO 3832 --- [matchmaking-backend] [           main] dev.csgogc.mm.search.SearchService       : match m-4fa3c5cb: account 1 joined (1/4)
2026-09-20T12:47:33.974+04:00  INFO 3832 --- [matchmaking-backend] [           main] dev.csgogc.mm.search.SearchService       : search started: account=2 mode=wingman maps=[de_lake] game_type=10 source=gc
2026-09-20T12:47:33.976+04:00  INFO 3832 --- [matchmaking-backend] [           main] dev.csgogc.mm.search.SearchService       : match m-4fa3c5cb: account 2 joined (2/4)
2026-09-20T12:47:33.978+04:00  INFO 3832 --- [matchmaking-backend] [           main] dev.csgogc.mm.search.SearchService       : search started: account=3 mode=wingman maps=[de_lake] game_type=10 source=gc
2026-09-20T12:47:33.979+04:00  INFO 3832 --- [matchmaking-backend] [           main] dev.csgogc.mm.search.SearchService       : match m-4fa3c5cb: account 3 joined (3/4)
2026-09-20T12:47:33.982+04:00  INFO 3832 --- [matchmaking-backend] [           main] dev.csgogc.mm.search.SearchService       : search started: account=4 mode=wingman maps=[de_lake] game_type=10 source=gc
2026-09-20T12:47:33.984+04:00  INFO 3832 --- [matchmaking-backend] [           main] dev.csgogc.mm.search.SearchService       : match m-4fa3c5cb is full (4/4, 0 virtual): looking for a free wingman server
2026-09-20T12:47:33.985+04:00  INFO 3832 --- [matchmaking-backend] [           main] dev.csgogc.mm.search.SearchService       : match m-4fa3c5cb: server 10.0.0.5:27018 map=de_lake is RESERVED
2026-09-20T12:47:33.989+04:00  INFO 3832 --- [matchmaking-backend] [           main] dev.csgogc.mm.search.SearchService       : match m-4fa3c5cb is ACCEPTING: 4 player(s) have until 2026-01-01T12:14:25Z (PT25S)
2026-09-20T12:47:33.989+04:00  INFO 3832 --- [matchmaking-backend] [           main] dev.csgogc.mm.search.SearchService       : match m-4fa3c5cb complete (4/4, 0 virtual): WAITING_ACCEPT -> 10.0.0.5:27018 map=de_lake
2026-09-20T12:47:33.993+04:00  INFO 3832 --- [matchmaking-backend] [           main] dev.csgogc.mm.search.SearchService       : search started: account=20 mode=dangerzone maps=[dz_blacksite, dz_sirocco] game_type=13 source=gc
2026-09-20T12:47:33.994+04:00  INFO 3832 --- [matchmaking-backend] [           main] dev.csgogc.mm.search.SearchService       : match m-66e1a670 created: dangerzone gathering 16 player(s), no server yet
2026-09-20T12:47:33.995+04:00  INFO 3832 --- [matchmaking-backend] [           main] dev.csgogc.mm.search.SearchService       : match m-66e1a670: account 20 joined (1/16)
]]></system-out>
  </testcase>
  <testcase name="classicSearchGetsAnAvailableServerAndDoesNotReserveIt" classname="dev.csgogc.mm.MatchmakingIntegrationTest" time="0.017">
    <system-out><![CDATA[2026-09-20T12:47:34.003+04:00  INFO 3832 --- [matchmaking-backend] [           main] dev.csgogc.mm.server.GameServerService   : game server added: 192.168.1.150:27016 casual map='de_dust2' enabled=true state=AVAILABLE
2026-09-20T12:47:34.005+04:00  INFO 3832 --- [matchmaking-backend] [           main] dev.csgogc.mm.search.SearchService       : search started: account=1050166997 mode=casual maps=[de_dust2, de_mirage] game_type=7 source=gc
2026-09-20T12:47:34.007+04:00  INFO 3832 --- [matchmaking-backend] [           main] dev.csgogc.mm.search.SearchService       : match m-227c9ec0 created: casual on 192.168.1.150:27016 map=de_dust2 needs 1 player(s), server 22 is assigned (classic mode: no reservation)
2026-09-20T12:47:34.010+04:00  INFO 3832 --- [matchmaking-backend] [           main] dev.csgogc.mm.search.SearchService       : match m-227c9ec0 complete (1/1): READY_TO_CONNECT -> 192.168.1.150:27016 map=de_dust2
]]></system-out>
  </testcase>
  <testcase name="deletingAReservedServerReturnsItsPlayersToTheQueue" classname="dev.csgogc.mm.MatchmakingIntegrationTest" time="0.031">
    <system-out><![CDATA[2026-09-20T12:47:34.020+04:00  INFO 3832 --- [matchmaking-backend] [           main] dev.csgogc.mm.server.GameServerService   : game server added: 10.0.0.5:27017 competitive map='de_dust2' enabled=true state=AVAILABLE
2026-09-20T12:47:34.022+04:00  INFO 3832 --- [matchmaking-backend] [           main] dev.csgogc.mm.search.SearchService       : search started: account=1 mode=competitive maps=[de_dust2] game_type=8 source=gc
2026-09-20T12:47:34.023+04:00  INFO 3832 --- [matchmaking-backend] [           main] dev.csgogc.mm.search.SearchService       : match m-7cc553ec created: competitive gathering 2 player(s), no server yet
2026-09-20T12:47:34.024+04:00  INFO 3832 --- [matchmaking-backend] [           main] dev.csgogc.mm.search.SearchService       : match m-7cc553ec: account 1 joined (1/2)
2026-09-20T12:47:34.027+04:00  INFO 3832 --- [matchmaking-backend] [           main] dev.csgogc.mm.search.SearchService       : search started: account=2 mode=competitive maps=[de_dust2] game_type=8 source=gc
2026-09-20T12:47:34.030+04:00  INFO 3832 --- [matchmaking-backend] [           main] dev.csgogc.mm.search.SearchService       : match m-7cc553ec is full (2/2, 0 virtual): looking for a free competitive server
2026-09-20T12:47:34.032+04:00  INFO 3832 --- [matchmaking-backend] [           main] dev.csgogc.mm.search.SearchService       : match m-7cc553ec: server 10.0.0.5:27017 map=de_dust2 is RESERVED
2026-09-20T12:47:34.035+04:00  INFO 3832 --- [matchmaking-backend] [           main] dev.csgogc.mm.search.SearchService       : match m-7cc553ec is ACCEPTING: 2 player(s) have until 2026-01-01T12:14:25Z (PT25S)
2026-09-20T12:47:34.035+04:00  INFO 3832 --- [matchmaking-backend] [           main] dev.csgogc.mm.search.SearchService       : match m-7cc553ec complete (2/2, 0 virtual): WAITING_ACCEPT -> 10.0.0.5:27017 map=de_dust2
2026-09-20T12:47:34.041+04:00  INFO 3832 --- [matchmaking-backend] [           main] dev.csgogc.mm.search.SearchService       : match m-7cc553ec cancelled (its server was taken away): 2 player(s) search again, server 10.0.0.5:27017 is AVAILABLE again
2026-09-20T12:47:34.042+04:00  INFO 3832 --- [matchmaking-backend] [           main] dev.csgogc.mm.server.GameServerService   : game server 23 deleted
]]></system-out>
  </testcase>
  <testcase name="anAssignedClassicSearchIsCompletedAfterTheTimeoutAndTheServerWasNeverReserved" classname="dev.csgogc.mm.MatchmakingIntegrationTest" time="0.031">
    <system-out><![CDATA[2026-09-20T12:47:34.052+04:00  INFO 3832 --- [matchmaking-backend] [           main] dev.csgogc.mm.server.GameServerService   : game server added: 10.0.0.5:27015 casual map='de_dust2' enabled=true state=AVAILABLE
2026-09-20T12:47:34.054+04:00  INFO 3832 --- [matchmaking-backend] [           main] dev.csgogc.mm.search.SearchService       : search started: account=1 mode=casual maps=[de_dust2] game_type=7 source=gc
2026-09-20T12:47:34.056+04:00  INFO 3832 --- [matchmaking-backend] [           main] dev.csgogc.mm.search.SearchService       : match m-75246286 created: casual on 10.0.0.5:27015 map=de_dust2 needs 1 player(s), server 24 is assigned (classic mode: no reservation)
2026-09-20T12:47:34.059+04:00  INFO 3832 --- [matchmaking-backend] [           main] dev.csgogc.mm.search.SearchService       : match m-75246286 complete (1/1): READY_TO_CONNECT -> 10.0.0.5:27015 map=de_dust2
2026-09-20T12:47:34.070+04:00  INFO 3832 --- [matchmaking-backend] [           main] dev.csgogc.mm.search.SearchService       : search started: account=2 mode=casual maps=[de_dust2] game_type=7 source=gc
2026-09-20T12:47:34.072+04:00  INFO 3832 --- [matchmaking-backend] [           main] dev.csgogc.mm.search.SearchService       : match m-93cb90a4 created: casual on 10.0.0.5:27015 map=de_dust2 needs 1 player(s), server 24 is assigned (classic mode: no reservation)
2026-09-20T12:47:34.075+04:00  INFO 3832 --- [matchmaking-backend] [           main] dev.csgogc.mm.search.SearchService       : match m-93cb90a4 complete (1/1): READY_TO_CONNECT -> 10.0.0.5:27015 map=de_dust2
]]></system-out>
  </testcase>
  <testcase name="aGameServerCanReportItsStateWithTheApiKey" classname="dev.csgogc.mm.MatchmakingIntegrationTest" time="0.05">
    <system-out><![CDATA[2026-09-20T12:47:34.084+04:00  INFO 3832 --- [matchmaking-backend] [           main] dev.csgogc.mm.server.GameServerService   : game server added: 10.0.0.5:27015 casual map='de_dust2' enabled=true state=AVAILABLE
2026-09-20T12:47:34.098+04:00  INFO 3832 --- [matchmaking-backend] [           main] dev.csgogc.mm.search.SearchService       : search started: account=1 mode=casual maps=[de_dust2] game_type=7 source=gc
2026-09-20T12:47:34.100+04:00  INFO 3832 --- [matchmaking-backend] [           main] dev.csgogc.mm.search.SearchService       : search started: account=2 mode=casual maps=[de_mirage] game_type=7 source=gc
2026-09-20T12:47:34.102+04:00  INFO 3832 --- [matchmaking-backend] [           main] dev.csgogc.mm.search.SearchService       : match m-247a3c24 created: casual on 10.0.0.5:27015 map=de_mirage needs 1 player(s), server 25 is assigned (classic mode: no reservation)
2026-09-20T12:47:34.104+04:00  INFO 3832 --- [matchmaking-backend] [           main] dev.csgogc.mm.search.SearchService       : match m-247a3c24 complete (1/1): READY_TO_CONNECT -> 10.0.0.5:27015 map=de_mirage
2026-09-20T12:47:34.108+04:00  INFO 3832 --- [matchmaking-backend] [           main] dev.csgogc.mm.server.GameServerService   : game server added: 10.0.0.6:27017 competitive map='de_dust2' enabled=true state=AVAILABLE
2026-09-20T12:47:34.111+04:00  INFO 3832 --- [matchmaking-backend] [           main] dev.csgogc.mm.search.SearchService       : search started: account=9 mode=competitive maps=[de_dust2] game_type=8 source=gc
2026-09-20T12:47:34.112+04:00  INFO 3832 --- [matchmaking-backend] [           main] dev.csgogc.mm.search.SearchService       : match m-c9edadef created: competitive gathering 2 player(s), no server yet
2026-09-20T12:47:34.113+04:00  INFO 3832 --- [matchmaking-backend] [           main] dev.csgogc.mm.search.SearchService       : match m-c9edadef: account 9 joined (1/2)
2026-09-20T12:47:34.115+04:00  INFO 3832 --- [matchmaking-backend] [           main] dev.csgogc.mm.search.SearchService       : search started: account=10 mode=competitive maps=[de_dust2] game_type=8 source=gc
2026-09-20T12:47:34.117+04:00  INFO 3832 --- [matchmaking-backend] [           main] dev.csgogc.mm.search.SearchService       : match m-c9edadef is full (2/2, 0 virtual): looking for a free competitive server
2026-09-20T12:47:34.118+04:00  INFO 3832 --- [matchmaking-backend] [           main] dev.csgogc.mm.search.SearchService       : match m-c9edadef: server 10.0.0.6:27017 map=de_dust2 is RESERVED
2026-09-20T12:47:34.121+04:00  INFO 3832 --- [matchmaking-backend] [           main] dev.csgogc.mm.search.SearchService       : match m-c9edadef is ACCEPTING: 2 player(s) have until 2026-01-01T12:25:25Z (PT25S)
2026-09-20T12:47:34.121+04:00  INFO 3832 --- [matchmaking-backend] [           main] dev.csgogc.mm.search.SearchService       : match m-c9edadef complete (2/2, 0 virtual): WAITING_ACCEPT -> 10.0.0.6:27017 map=de_dust2
]]></system-out>
  </testcase>
</testsuite>